<?xml version="1.0" encoding="UTF-8"?>
<!-- Generated by org.testng.reporters.JUnitReportReporter -->
<testsuite hostname="pop-os" failures="0" tests="1" name="AdminModule.AdminOperationTest" time="25.844" errors="0" timestamp="2023-09-04T17:10:56 IST" skipped="0">
  <testcase classname="AdminModule.AdminOperationTest" name="adminOperationsTest" time="25.844">
    <system-out>
      <![CDATA[--- Logged Into Admin Module Succesfully ---
SystemSettings Dropdown clicked Succesfully
Clicked on List Button
Switched to Active List Frame
Clicked on Add List Lookup Button
deepu Name Added Succesfully to the List Name Textbox
List Created Successfully
Switched to Active List Frame
Campaign Started Succesfully
--- Logged Out from Admin Module Succesfully ---]]>
    </system-out>
  </testcase> <!-- adminOperationsTest -->
  <system-out>
    <![CDATA[- - - DataBase Connected Succesfully - - -
Execution of Suite File was Started
 - - - firefox Has Launched Succesfully - - - 
--- Logged Into Admin Module Succesfully ---
SystemSettings Dropdown clicked Succesfully
Clicked on List Button
Switched to Active List Frame
Clicked on Add List Lookup Button
deepu Name Added Succesfully to the List Name Textbox
List Created Successfully
Switched to Active List Frame
Campaign Started Succesfully
--- Logged Out from Admin Module Succesfully ---
 - - - firefox Has Closed Succesfully - - - 
 - - - firefox Has Closed Succesfully - - - 
Execution of Suite File was Finished
- - - DataBase Closed Succesfully - - - ]]>
  </system-out>
</testsuite> <!-- AdminModule.AdminOperationTest -->
