<?xml version="1.0" encoding="UTF-8"?>
<!-- Generated by org.testng.reporters.JUnitReportReporter -->
<testsuite hostname="DESKTOP-GE7D7VL" failures="0" tests="201" name="Agent_Module.AgentMultipleLoginTest" time="86.695" errors="1" timestamp="2023-08-01T14:04:34 IST" skipped="160">
  <testcase classname="Agent_Module.AgentMultipleLoginTest" name="MultipleLogin" time="0.477">
    <skipped/>
  </testcase> <!-- MultipleLogin -->
  <system-out>
    <![CDATA[Test is Skipped ---> MultipleLogin]]>
  </system-out>
  <testcase classname="Agent_Module.AgentMultipleLoginTest" name="MultipleLogin" time="0.420">
    <skipped/>
  </testcase> <!-- MultipleLogin -->
  <system-out>
    <![CDATA[Test is Skipped ---> MultipleLogin]]>
  </system-out>
  <testcase classname="Agent_Module.AgentMultipleLoginTest" name="MultipleLogin" time="0.228">
    <skipped/>
  </testcase> <!-- MultipleLogin -->
  <system-out>
    <![CDATA[Test is Skipped ---> MultipleLogin]]>
  </system-out>
  <testcase classname="Agent_Module.AgentMultipleLoginTest" name="MultipleLogin" time="0.205">
    <skipped/>
  </testcase> <!-- MultipleLogin -->
  <system-out>
    <![CDATA[Test is Skipped ---> MultipleLogin]]>
  </system-out>
  <testcase classname="Agent_Module.AgentMultipleLoginTest" name="MultipleLogin" time="0.502">
    <skipped/>
  </testcase> <!-- MultipleLogin -->
  <system-out>
    <![CDATA[Test is Skipped ---> MultipleLogin]]>
  </system-out>
  <testcase classname="Agent_Module.AgentMultipleLoginTest" name="MultipleLogin" time="0.229">
    <skipped/>
  </testcase> <!-- MultipleLogin -->
  <system-out>
    <![CDATA[Test is Skipped ---> MultipleLogin]]>
  </system-out>
  <testcase classname="Agent_Module.AgentMultipleLoginTest" name="MultipleLogin" time="0.828">
    <skipped/>
  </testcase> <!-- MultipleLogin -->
  <system-out>
    <![CDATA[Test is Skipped ---> MultipleLogin]]>
  </system-out>
  <testcase classname="Agent_Module.AgentMultipleLoginTest" name="MultipleLogin" time="2.741"/>
  <system-out>
    <![CDATA[Runnning Thread: 1
agent2 --- Logged Into Agent Module Succesfully --- ]]>
  </system-out>
  <testcase classname="Agent_Module.AgentMultipleLoginTest" name="MultipleLogin" time="0.233">
    <skipped/>
  </testcase> <!-- MultipleLogin -->
  <system-out>
    <![CDATA[Test is Skipped ---> MultipleLogin]]>
  </system-out>
  <testcase classname="Agent_Module.AgentMultipleLoginTest" name="MultipleLogin" time="0.213">
    <skipped/>
  </testcase> <!-- MultipleLogin -->
  <system-out>
    <![CDATA[Test is Skipped ---> MultipleLogin]]>
  </system-out>
  <testcase classname="Agent_Module.AgentMultipleLoginTest" name="MultipleLogin" time="1.776"/>
  <system-out>
    <![CDATA[Runnning Thread: 1
agent23 --- Logged Into Agent Module Succesfully --- ]]>
  </system-out>
  <testcase classname="Agent_Module.AgentMultipleLoginTest" name="MultipleLogin" time="1.314"/>
  <system-out>
    <![CDATA[Runnning Thread: 1
agent20 --- Logged Into Agent Module Succesfully --- ]]>
  </system-out>
  <testcase classname="Agent_Module.AgentMultipleLoginTest" name="MultipleLogin" time="0.776">
    <skipped/>
  </testcase> <!-- MultipleLogin -->
  <system-out>
    <![CDATA[Test is Skipped ---> MultipleLogin]]>
  </system-out>
  <testcase classname="Agent_Module.AgentMultipleLoginTest" name="MultipleLogin" time="1.565">
    <skipped/>
  </testcase> <!-- MultipleLogin -->
  <system-out>
    <![CDATA[Test is Skipped ---> MultipleLogin]]>
  </system-out>
  <testcase classname="Agent_Module.AgentMultipleLoginTest" name="MultipleLogin" time="1.060">
    <skipped/>
  </testcase> <!-- MultipleLogin -->
  <system-out>
    <![CDATA[Test is Skipped ---> MultipleLogin]]>
  </system-out>
  <testcase classname="Agent_Module.AgentMultipleLoginTest" name="MultipleLogin" time="0.253">
    <skipped/>
  </testcase> <!-- MultipleLogin -->
  <system-out>
    <![CDATA[Test is Skipped ---> MultipleLogin]]>
  </system-out>
  <testcase classname="Agent_Module.AgentMultipleLoginTest" name="MultipleLogin" time="0.243">
    <skipped/>
  </testcase> <!-- MultipleLogin -->
  <system-out>
    <![CDATA[Test is Skipped ---> MultipleLogin]]>
  </system-out>
  <testcase classname="Agent_Module.AgentMultipleLoginTest" name="MultipleLogin" time="1.292"/>
  <system-out>
    <![CDATA[Runnning Thread: 1
agent14 --- Logged Into Agent Module Succesfully --- ]]>
  </system-out>
  <testcase classname="Agent_Module.AgentMultipleLoginTest" name="MultipleLogin" time="0.319">
    <skipped/>
  </testcase> <!-- MultipleLogin -->
  <system-out>
    <![CDATA[Test is Skipped ---> MultipleLogin]]>
  </system-out>
  <testcase classname="Agent_Module.AgentMultipleLoginTest" name="MultipleLogin" time="0.659">
    <skipped/>
  </testcase> <!-- MultipleLogin -->
  <system-out>
    <![CDATA[Test is Skipped ---> MultipleLogin]]>
  </system-out>
  <testcase classname="Agent_Module.AgentMultipleLoginTest" name="MultipleLogin" time="2.227">
    <skipped/>
  </testcase> <!-- MultipleLogin -->
  <system-out>
    <![CDATA[Test is Skipped ---> MultipleLogin]]>
  </system-out>
  <testcase classname="Agent_Module.AgentMultipleLoginTest" name="MultipleLogin" time="0.383">
    <skipped/>
  </testcase> <!-- MultipleLogin -->
  <system-out>
    <![CDATA[Test is Skipped ---> MultipleLogin]]>
  </system-out>
  <testcase classname="Agent_Module.AgentMultipleLoginTest" name="MultipleLogin" time="0.641">
    <skipped/>
  </testcase> <!-- MultipleLogin -->
  <system-out>
    <![CDATA[Test is Skipped ---> MultipleLogin]]>
  </system-out>
  <testcase classname="Agent_Module.AgentMultipleLoginTest" name="MultipleLogin" time="0.262">
    <skipped/>
  </testcase> <!-- MultipleLogin -->
  <system-out>
    <![CDATA[Test is Skipped ---> MultipleLogin]]>
  </system-out>
  <testcase classname="Agent_Module.AgentMultipleLoginTest" name="MultipleLogin" time="0.641">
    <skipped/>
  </testcase> <!-- MultipleLogin -->
  <system-out>
    <![CDATA[Test is Skipped ---> MultipleLogin]]>
  </system-out>
  <testcase classname="Agent_Module.AgentMultipleLoginTest" name="MultipleLogin" time="0.713">
    <skipped/>
  </testcase> <!-- MultipleLogin -->
  <system-out>
    <![CDATA[Test is Skipped ---> MultipleLogin]]>
  </system-out>
  <testcase classname="Agent_Module.AgentMultipleLoginTest" name="MultipleLogin" time="0.217">
    <skipped/>
  </testcase> <!-- MultipleLogin -->
  <system-out>
    <![CDATA[Test is Skipped ---> MultipleLogin]]>
  </system-out>
  <testcase classname="Agent_Module.AgentMultipleLoginTest" name="MultipleLogin" time="0.517">
    <skipped/>
  </testcase> <!-- MultipleLogin -->
  <system-out>
    <![CDATA[Test is Skipped ---> MultipleLogin]]>
  </system-out>
  <testcase classname="Agent_Module.AgentMultipleLoginTest" name="MultipleLogin" time="1.322"/>
  <system-out>
    <![CDATA[Runnning Thread: 1
agent33 --- Logged Into Agent Module Succesfully --- ]]>
  </system-out>
  <testcase classname="Agent_Module.AgentMultipleLoginTest" name="MultipleLogin" time="0.576">
    <skipped/>
  </testcase> <!-- MultipleLogin -->
  <system-out>
    <![CDATA[Test is Skipped ---> MultipleLogin]]>
  </system-out>
  <testcase classname="Agent_Module.AgentMultipleLoginTest" name="MultipleLogin" time="0.212">
    <skipped/>
  </testcase> <!-- MultipleLogin -->
  <system-out>
    <![CDATA[Test is Skipped ---> MultipleLogin]]>
  </system-out>
  <testcase classname="Agent_Module.AgentMultipleLoginTest" name="MultipleLogin" time="0.601">
    <skipped/>
  </testcase> <!-- MultipleLogin -->
  <system-out>
    <![CDATA[Test is Skipped ---> MultipleLogin]]>
  </system-out>
  <testcase classname="Agent_Module.AgentMultipleLoginTest" name="MultipleLogin" time="2.509"/>
  <system-out>
    <![CDATA[Runnning Thread: 1
agent6 --- Logged Into Agent Module Succesfully --- ]]>
  </system-out>
  <testcase classname="Agent_Module.AgentMultipleLoginTest" name="MultipleLogin" time="0.701">
    <skipped/>
  </testcase> <!-- MultipleLogin -->
  <system-out>
    <![CDATA[Test is Skipped ---> MultipleLogin]]>
  </system-out>
  <testcase classname="Agent_Module.AgentMultipleLoginTest" name="MultipleLogin" time="0.199">
    <skipped/>
  </testcase> <!-- MultipleLogin -->
  <system-out>
    <![CDATA[Test is Skipped ---> MultipleLogin]]>
  </system-out>
  <testcase classname="Agent_Module.AgentMultipleLoginTest" name="MultipleLogin" time="1.084">
    <skipped/>
  </testcase> <!-- MultipleLogin -->
  <system-out>
    <![CDATA[Test is Skipped ---> MultipleLogin]]>
  </system-out>
  <testcase classname="Agent_Module.AgentMultipleLoginTest" name="MultipleLogin" time="0.329">
    <skipped/>
  </testcase> <!-- MultipleLogin -->
  <system-out>
    <![CDATA[Test is Skipped ---> MultipleLogin]]>
  </system-out>
  <testcase classname="Agent_Module.AgentMultipleLoginTest" name="MultipleLogin" time="0.669">
    <skipped/>
  </testcase> <!-- MultipleLogin -->
  <system-out>
    <![CDATA[Test is Skipped ---> MultipleLogin]]>
  </system-out>
  <testcase classname="Agent_Module.AgentMultipleLoginTest" name="MultipleLogin" time="1.008">
    <skipped/>
  </testcase> <!-- MultipleLogin -->
  <system-out>
    <![CDATA[Test is Skipped ---> MultipleLogin]]>
  </system-out>
  <testcase classname="Agent_Module.AgentMultipleLoginTest" name="MultipleLogin" time="5.373"/>
  <system-out>
    <![CDATA[Runnning Thread: 1
agent1 --- Logged Into Agent Module Succesfully --- ]]>
  </system-out>
  <testcase classname="Agent_Module.AgentMultipleLoginTest" name="MultipleLogin" time="1.634"/>
  <system-out>
    <![CDATA[Runnning Thread: 1
agent27 --- Logged Into Agent Module Succesfully --- ]]>
  </system-out>
  <testcase classname="Agent_Module.AgentMultipleLoginTest" name="MultipleLogin" time="0.000">
    <skipped/>
  </testcase> <!-- MultipleLogin -->
  <system-out>
    <![CDATA[Test is Skipped ---> MultipleLogin]]>
  </system-out>
  <testcase classname="Agent_Module.AgentMultipleLoginTest" name="MultipleLogin" time="1.648"/>
  <system-out>
    <![CDATA[Runnning Thread: 1
agent36 --- Logged Into Agent Module Succesfully --- ]]>
  </system-out>
  <testcase classname="Agent_Module.AgentMultipleLoginTest" name="MultipleLogin" time="1.304"/>
  <system-out>
    <![CDATA[Runnning Thread: 1
agent37 --- Logged Into Agent Module Succesfully --- ]]>
  </system-out>
  <testcase classname="Agent_Module.AgentMultipleLoginTest" name="MultipleLogin" time="0.728"/>
  <system-out>
    <![CDATA[Runnning Thread: 1
agent22 --- Logged Into Agent Module Succesfully --- ]]>
  </system-out>
  <testcase classname="Agent_Module.AgentMultipleLoginTest" name="MultipleLogin" time="0.000">
    <skipped/>
  </testcase> <!-- MultipleLogin -->
  <system-out>
    <![CDATA[Test is Skipped ---> MultipleLogin]]>
  </system-out>
  <testcase classname="Agent_Module.AgentMultipleLoginTest" name="MultipleLogin" time="0.000">
    <skipped/>
  </testcase> <!-- MultipleLogin -->
  <system-out>
    <![CDATA[Test is Skipped ---> MultipleLogin]]>
  </system-out>
  <testcase classname="Agent_Module.AgentMultipleLoginTest" name="MultipleLogin" time="0.000">
    <skipped/>
  </testcase> <!-- MultipleLogin -->
  <system-out>
    <![CDATA[Test is Skipped ---> MultipleLogin]]>
  </system-out>
  <testcase classname="Agent_Module.AgentMultipleLoginTest" name="MultipleLogin" time="0.000">
    <skipped/>
  </testcase> <!-- MultipleLogin -->
  <system-out>
    <![CDATA[Test is Skipped ---> MultipleLogin]]>
  </system-out>
  <testcase classname="Agent_Module.AgentMultipleLoginTest" name="MultipleLogin" time="0.000">
    <skipped/>
  </testcase> <!-- MultipleLogin -->
  <system-out>
    <![CDATA[Test is Skipped ---> MultipleLogin]]>
  </system-out>
  <testcase classname="Agent_Module.AgentMultipleLoginTest" name="MultipleLogin" time="0.000">
    <skipped/>
  </testcase> <!-- MultipleLogin -->
  <system-out>
    <![CDATA[Test is Skipped ---> MultipleLogin]]>
  </system-out>
  <testcase classname="Agent_Module.AgentMultipleLoginTest" name="MultipleLogin" time="0.000">
    <skipped/>
  </testcase> <!-- MultipleLogin -->
  <system-out>
    <![CDATA[Test is Skipped ---> MultipleLogin]]>
  </system-out>
  <testcase classname="Agent_Module.AgentMultipleLoginTest" name="MultipleLogin" time="0.000">
    <skipped/>
  </testcase> <!-- MultipleLogin -->
  <system-out>
    <![CDATA[Test is Skipped ---> MultipleLogin]]>
  </system-out>
  <testcase classname="Agent_Module.AgentMultipleLoginTest" name="MultipleLogin" time="0.000">
    <skipped/>
  </testcase> <!-- MultipleLogin -->
  <system-out>
    <![CDATA[Test is Skipped ---> MultipleLogin]]>
  </system-out>
  <testcase classname="Agent_Module.AgentMultipleLoginTest" name="MultipleLogin" time="0.000">
    <skipped/>
  </testcase> <!-- MultipleLogin -->
  <system-out>
    <![CDATA[Test is Skipped ---> MultipleLogin]]>
  </system-out>
  <testcase classname="Agent_Module.AgentMultipleLoginTest" name="MultipleLogin" time="0.000">
    <skipped/>
  </testcase> <!-- MultipleLogin -->
  <system-out>
    <![CDATA[Test is Skipped ---> MultipleLogin]]>
  </system-out>
  <testcase classname="Agent_Module.AgentMultipleLoginTest" name="MultipleLogin" time="0.000">
    <skipped/>
  </testcase> <!-- MultipleLogin -->
  <system-out>
    <![CDATA[Test is Skipped ---> MultipleLogin]]>
  </system-out>
  <testcase classname="Agent_Module.AgentMultipleLoginTest" name="MultipleLogin" time="0.000">
    <skipped/>
  </testcase> <!-- MultipleLogin -->
  <system-out>
    <![CDATA[Test is Skipped ---> MultipleLogin]]>
  </system-out>
  <testcase classname="Agent_Module.AgentMultipleLoginTest" name="MultipleLogin" time="0.000">
    <skipped/>
  </testcase> <!-- MultipleLogin -->
  <system-out>
    <![CDATA[Test is Skipped ---> MultipleLogin]]>
  </system-out>
  <testcase classname="Agent_Module.AgentMultipleLoginTest" name="MultipleLogin" time="0.000">
    <skipped/>
  </testcase> <!-- MultipleLogin -->
  <system-out>
    <![CDATA[Test is Skipped ---> MultipleLogin]]>
  </system-out>
  <testcase classname="Agent_Module.AgentMultipleLoginTest" name="MultipleLogin" time="0.000">
    <skipped/>
  </testcase> <!-- MultipleLogin -->
  <system-out>
    <![CDATA[Test is Skipped ---> MultipleLogin]]>
  </system-out>
  <testcase classname="Agent_Module.AgentMultipleLoginTest" name="MultipleLogin" time="0.000">
    <skipped/>
  </testcase> <!-- MultipleLogin -->
  <system-out>
    <![CDATA[Test is Skipped ---> MultipleLogin]]>
  </system-out>
  <testcase classname="Agent_Module.AgentMultipleLoginTest" name="MultipleLogin" time="1.256"/>
  <system-out>
    <![CDATA[Runnning Thread: 1
agent25 --- Logged Into Agent Module Succesfully --- ]]>
  </system-out>
  <testcase classname="Agent_Module.AgentMultipleLoginTest" name="MultipleLogin" time="0.000">
    <skipped/>
  </testcase> <!-- MultipleLogin -->
  <system-out>
    <![CDATA[Test is Skipped ---> MultipleLogin]]>
  </system-out>
  <testcase classname="Agent_Module.AgentMultipleLoginTest" name="MultipleLogin" time="0.000">
    <skipped/>
  </testcase> <!-- MultipleLogin -->
  <system-out>
    <![CDATA[Test is Skipped ---> MultipleLogin]]>
  </system-out>
  <testcase classname="Agent_Module.AgentMultipleLoginTest" name="MultipleLogin" time="0.000">
    <skipped/>
  </testcase> <!-- MultipleLogin -->
  <system-out>
    <![CDATA[Test is Skipped ---> MultipleLogin]]>
  </system-out>
  <testcase classname="Agent_Module.AgentMultipleLoginTest" name="MultipleLogin" time="0.000">
    <skipped/>
  </testcase> <!-- MultipleLogin -->
  <system-out>
    <![CDATA[Test is Skipped ---> MultipleLogin]]>
  </system-out>
  <testcase classname="Agent_Module.AgentMultipleLoginTest" name="MultipleLogin" time="0.000">
    <skipped/>
  </testcase> <!-- MultipleLogin -->
  <system-out>
    <![CDATA[Test is Skipped ---> MultipleLogin]]>
  </system-out>
  <testcase classname="Agent_Module.AgentMultipleLoginTest" name="MultipleLogin" time="0.000">
    <skipped/>
  </testcase> <!-- MultipleLogin -->
  <system-out>
    <![CDATA[Test is Skipped ---> MultipleLogin]]>
  </system-out>
  <testcase classname="Agent_Module.AgentMultipleLoginTest" name="MultipleLogin" time="1.624"/>
  <system-out>
    <![CDATA[Runnning Thread: 1
agent30 --- Logged Into Agent Module Succesfully --- ]]>
  </system-out>
  <testcase classname="Agent_Module.AgentMultipleLoginTest" name="MultipleLogin" time="1.153"/>
  <system-out>
    <![CDATA[Runnning Thread: 1
agent15 --- Logged Into Agent Module Succesfully --- ]]>
  </system-out>
  <testcase classname="Agent_Module.AgentMultipleLoginTest" name="MultipleLogin" time="0.000">
    <skipped/>
  </testcase> <!-- MultipleLogin -->
  <system-out>
    <![CDATA[Test is Skipped ---> MultipleLogin]]>
  </system-out>
  <testcase classname="Agent_Module.AgentMultipleLoginTest" name="MultipleLogin" time="0.000">
    <skipped/>
  </testcase> <!-- MultipleLogin -->
  <system-out>
    <![CDATA[Test is Skipped ---> MultipleLogin]]>
  </system-out>
  <testcase classname="Agent_Module.AgentMultipleLoginTest" name="MultipleLogin" time="0.000">
    <skipped/>
  </testcase> <!-- MultipleLogin -->
  <system-out>
    <![CDATA[Test is Skipped ---> MultipleLogin]]>
  </system-out>
  <testcase classname="Agent_Module.AgentMultipleLoginTest" name="MultipleLogin" time="0.000">
    <skipped/>
  </testcase> <!-- MultipleLogin -->
  <system-out>
    <![CDATA[Test is Skipped ---> MultipleLogin]]>
  </system-out>
  <testcase classname="Agent_Module.AgentMultipleLoginTest" name="MultipleLogin" time="0.000">
    <skipped/>
  </testcase> <!-- MultipleLogin -->
  <system-out>
    <![CDATA[Test is Skipped ---> MultipleLogin]]>
  </system-out>
  <testcase classname="Agent_Module.AgentMultipleLoginTest" name="MultipleLogin" time="0.000">
    <skipped/>
  </testcase> <!-- MultipleLogin -->
  <system-out>
    <![CDATA[Test is Skipped ---> MultipleLogin]]>
  </system-out>
  <testcase classname="Agent_Module.AgentMultipleLoginTest" name="MultipleLogin" time="0.000">
    <skipped/>
  </testcase> <!-- MultipleLogin -->
  <system-out>
    <![CDATA[Test is Skipped ---> MultipleLogin]]>
  </system-out>
  <testcase classname="Agent_Module.AgentMultipleLoginTest" name="MultipleLogin" time="0.000">
    <skipped/>
  </testcase> <!-- MultipleLogin -->
  <system-out>
    <![CDATA[Test is Skipped ---> MultipleLogin]]>
  </system-out>
  <testcase classname="Agent_Module.AgentMultipleLoginTest" name="MultipleLogin" time="0.000">
    <skipped/>
  </testcase> <!-- MultipleLogin -->
  <system-out>
    <![CDATA[Test is Skipped ---> MultipleLogin]]>
  </system-out>
  <testcase classname="Agent_Module.AgentMultipleLoginTest" name="MultipleLogin" time="0.000">
    <skipped/>
  </testcase> <!-- MultipleLogin -->
  <system-out>
    <![CDATA[Test is Skipped ---> MultipleLogin]]>
  </system-out>
  <testcase classname="Agent_Module.AgentMultipleLoginTest" name="MultipleLogin" time="1.588"/>
  <system-out>
    <![CDATA[Runnning Thread: 1
agent40 --- Logged Into Agent Module Succesfully --- ]]>
  </system-out>
  <testcase classname="Agent_Module.AgentMultipleLoginTest" name="MultipleLogin" time="0.000">
    <skipped/>
  </testcase> <!-- MultipleLogin -->
  <system-out>
    <![CDATA[Test is Skipped ---> MultipleLogin]]>
  </system-out>
  <testcase classname="Agent_Module.AgentMultipleLoginTest" name="MultipleLogin" time="0.000">
    <skipped/>
  </testcase> <!-- MultipleLogin -->
  <system-out>
    <![CDATA[Test is Skipped ---> MultipleLogin]]>
  </system-out>
  <testcase classname="Agent_Module.AgentMultipleLoginTest" name="MultipleLogin" time="0.000">
    <skipped/>
  </testcase> <!-- MultipleLogin -->
  <system-out>
    <![CDATA[Test is Skipped ---> MultipleLogin]]>
  </system-out>
  <testcase classname="Agent_Module.AgentMultipleLoginTest" name="MultipleLogin" time="1.767"/>
  <system-out>
    <![CDATA[Runnning Thread: 1
agent4 --- Logged Into Agent Module Succesfully --- ]]>
  </system-out>
  <testcase classname="Agent_Module.AgentMultipleLoginTest" name="MultipleLogin" time="0.000">
    <skipped/>
  </testcase> <!-- MultipleLogin -->
  <system-out>
    <![CDATA[Test is Skipped ---> MultipleLogin]]>
  </system-out>
  <testcase classname="Agent_Module.AgentMultipleLoginTest" name="MultipleLogin" time="0.000">
    <skipped/>
  </testcase> <!-- MultipleLogin -->
  <system-out>
    <![CDATA[Test is Skipped ---> MultipleLogin]]>
  </system-out>
  <testcase classname="Agent_Module.AgentMultipleLoginTest" name="MultipleLogin" time="0.000">
    <skipped/>
  </testcase> <!-- MultipleLogin -->
  <system-out>
    <![CDATA[Test is Skipped ---> MultipleLogin]]>
  </system-out>
  <testcase classname="Agent_Module.AgentMultipleLoginTest" name="MultipleLogin" time="0.000">
    <skipped/>
  </testcase> <!-- MultipleLogin -->
  <system-out>
    <![CDATA[Test is Skipped ---> MultipleLogin]]>
  </system-out>
  <testcase classname="Agent_Module.AgentMultipleLoginTest" name="MultipleLogin" time="0.000">
    <skipped/>
  </testcase> <!-- MultipleLogin -->
  <system-out>
    <![CDATA[Test is Skipped ---> MultipleLogin]]>
  </system-out>
  <testcase classname="Agent_Module.AgentMultipleLoginTest" name="MultipleLogin" time="0.000">
    <skipped/>
  </testcase> <!-- MultipleLogin -->
  <system-out>
    <![CDATA[Test is Skipped ---> MultipleLogin]]>
  </system-out>
  <testcase classname="Agent_Module.AgentMultipleLoginTest" name="MultipleLogin" time="0.000">
    <skipped/>
  </testcase> <!-- MultipleLogin -->
  <system-out>
    <![CDATA[Test is Skipped ---> MultipleLogin]]>
  </system-out>
  <testcase classname="Agent_Module.AgentMultipleLoginTest" name="MultipleLogin" time="0.000">
    <skipped/>
  </testcase> <!-- MultipleLogin -->
  <system-out>
    <![CDATA[Test is Skipped ---> MultipleLogin]]>
  </system-out>
  <testcase classname="Agent_Module.AgentMultipleLoginTest" name="MultipleLogin" time="0.000">
    <skipped/>
  </testcase> <!-- MultipleLogin -->
  <system-out>
    <![CDATA[Test is Skipped ---> MultipleLogin]]>
  </system-out>
  <testcase classname="Agent_Module.AgentMultipleLoginTest" name="MultipleLogin" time="0.000">
    <skipped/>
  </testcase> <!-- MultipleLogin -->
  <system-out>
    <![CDATA[Test is Skipped ---> MultipleLogin]]>
  </system-out>
  <testcase classname="Agent_Module.AgentMultipleLoginTest" name="MultipleLogin" time="1.053"/>
  <system-out>
    <![CDATA[Runnning Thread: 1
agent39 --- Logged Into Agent Module Succesfully --- ]]>
  </system-out>
  <testcase classname="Agent_Module.AgentMultipleLoginTest" name="MultipleLogin" time="1.054"/>
  <system-out>
    <![CDATA[Runnning Thread: 1
agent31 --- Logged Into Agent Module Succesfully --- ]]>
  </system-out>
  <testcase classname="Agent_Module.AgentMultipleLoginTest" name="MultipleLogin" time="0.000">
    <skipped/>
  </testcase> <!-- MultipleLogin -->
  <system-out>
    <![CDATA[Test is Skipped ---> MultipleLogin]]>
  </system-out>
  <testcase classname="Agent_Module.AgentMultipleLoginTest" name="MultipleLogin" time="0.000">
    <skipped/>
  </testcase> <!-- MultipleLogin -->
  <system-out>
    <![CDATA[Test is Skipped ---> MultipleLogin]]>
  </system-out>
  <testcase classname="Agent_Module.AgentMultipleLoginTest" name="MultipleLogin" time="0.000">
    <skipped/>
  </testcase> <!-- MultipleLogin -->
  <system-out>
    <![CDATA[Test is Skipped ---> MultipleLogin]]>
  </system-out>
  <testcase classname="Agent_Module.AgentMultipleLoginTest" name="MultipleLogin" time="0.000">
    <skipped/>
  </testcase> <!-- MultipleLogin -->
  <system-out>
    <![CDATA[Test is Skipped ---> MultipleLogin]]>
  </system-out>
  <testcase classname="Agent_Module.AgentMultipleLoginTest" name="MultipleLogin" time="2.539"/>
  <system-out>
    <![CDATA[Runnning Thread: 1
agent8 --- Logged Into Agent Module Succesfully --- ]]>
  </system-out>
  <testcase classname="Agent_Module.AgentMultipleLoginTest" name="MultipleLogin" time="1.614"/>
  <system-out>
    <![CDATA[Runnning Thread: 1
agent34 --- Logged Into Agent Module Succesfully --- ]]>
  </system-out>
  <testcase classname="Agent_Module.AgentMultipleLoginTest" name="MultipleLogin" time="0.000">
    <skipped/>
  </testcase> <!-- MultipleLogin -->
  <system-out>
    <![CDATA[Test is Skipped ---> MultipleLogin]]>
  </system-out>
  <testcase classname="Agent_Module.AgentMultipleLoginTest" name="MultipleLogin" time="0.000">
    <skipped/>
  </testcase> <!-- MultipleLogin -->
  <system-out>
    <![CDATA[Test is Skipped ---> MultipleLogin]]>
  </system-out>
  <testcase classname="Agent_Module.AgentMultipleLoginTest" name="MultipleLogin" time="0.000">
    <skipped/>
  </testcase> <!-- MultipleLogin -->
  <system-out>
    <![CDATA[Test is Skipped ---> MultipleLogin]]>
  </system-out>
  <testcase classname="Agent_Module.AgentMultipleLoginTest" name="MultipleLogin" time="1.394"/>
  <system-out>
    <![CDATA[Runnning Thread: 1
agent5 --- Logged Into Agent Module Succesfully --- ]]>
  </system-out>
  <testcase classname="Agent_Module.AgentMultipleLoginTest" name="MultipleLogin" time="0.000">
    <skipped/>
  </testcase> <!-- MultipleLogin -->
  <system-out>
    <![CDATA[Test is Skipped ---> MultipleLogin]]>
  </system-out>
  <testcase classname="Agent_Module.AgentMultipleLoginTest" name="MultipleLogin" time="0.000">
    <skipped/>
  </testcase> <!-- MultipleLogin -->
  <system-out>
    <![CDATA[Test is Skipped ---> MultipleLogin]]>
  </system-out>
  <testcase classname="Agent_Module.AgentMultipleLoginTest" name="MultipleLogin" time="0.000">
    <skipped/>
  </testcase> <!-- MultipleLogin -->
  <system-out>
    <![CDATA[Test is Skipped ---> MultipleLogin]]>
  </system-out>
  <testcase classname="Agent_Module.AgentMultipleLoginTest" name="MultipleLogin" time="0.000">
    <skipped/>
  </testcase> <!-- MultipleLogin -->
  <system-out>
    <![CDATA[Test is Skipped ---> MultipleLogin]]>
  </system-out>
  <testcase classname="Agent_Module.AgentMultipleLoginTest" name="MultipleLogin" time="0.000">
    <skipped/>
  </testcase> <!-- MultipleLogin -->
  <system-out>
    <![CDATA[Test is Skipped ---> MultipleLogin]]>
  </system-out>
  <testcase classname="Agent_Module.AgentMultipleLoginTest" name="MultipleLogin" time="0.000">
    <skipped/>
  </testcase> <!-- MultipleLogin -->
  <system-out>
    <![CDATA[Test is Skipped ---> MultipleLogin]]>
  </system-out>
  <testcase classname="Agent_Module.AgentMultipleLoginTest" name="MultipleLogin" time="0.000">
    <skipped/>
  </testcase> <!-- MultipleLogin -->
  <system-out>
    <![CDATA[Test is Skipped ---> MultipleLogin]]>
  </system-out>
  <testcase classname="Agent_Module.AgentMultipleLoginTest" name="MultipleLogin" time="0.000">
    <skipped/>
  </testcase> <!-- MultipleLogin -->
  <system-out>
    <![CDATA[Test is Skipped ---> MultipleLogin]]>
  </system-out>
  <testcase classname="Agent_Module.AgentMultipleLoginTest" name="MultipleLogin" time="2.888"/>
  <system-out>
    <![CDATA[Runnning Thread: 1
agent10 --- Logged Into Agent Module Succesfully --- ]]>
  </system-out>
  <testcase classname="Agent_Module.AgentMultipleLoginTest" name="MultipleLogin" time="0.000">
    <skipped/>
  </testcase> <!-- MultipleLogin -->
  <system-out>
    <![CDATA[Test is Skipped ---> MultipleLogin]]>
  </system-out>
  <testcase classname="Agent_Module.AgentMultipleLoginTest" name="MultipleLogin" time="0.000">
    <skipped/>
  </testcase> <!-- MultipleLogin -->
  <system-out>
    <![CDATA[Test is Skipped ---> MultipleLogin]]>
  </system-out>
  <testcase classname="Agent_Module.AgentMultipleLoginTest" name="MultipleLogin" time="0.000">
    <skipped/>
  </testcase> <!-- MultipleLogin -->
  <system-out>
    <![CDATA[Test is Skipped ---> MultipleLogin]]>
  </system-out>
  <testcase classname="Agent_Module.AgentMultipleLoginTest" name="MultipleLogin" time="0.000">
    <skipped/>
  </testcase> <!-- MultipleLogin -->
  <system-out>
    <![CDATA[Test is Skipped ---> MultipleLogin]]>
  </system-out>
  <testcase classname="Agent_Module.AgentMultipleLoginTest" name="MultipleLogin" time="0.000">
    <skipped/>
  </testcase> <!-- MultipleLogin -->
  <system-out>
    <![CDATA[Test is Skipped ---> MultipleLogin]]>
  </system-out>
  <testcase classname="Agent_Module.AgentMultipleLoginTest" name="MultipleLogin" time="0.000">
    <skipped/>
  </testcase> <!-- MultipleLogin -->
  <system-out>
    <![CDATA[Test is Skipped ---> MultipleLogin]]>
  </system-out>
  <testcase classname="Agent_Module.AgentMultipleLoginTest" name="MultipleLogin" time="1.309"/>
  <system-out>
    <![CDATA[Runnning Thread: 1
agent38 --- Logged Into Agent Module Succesfully --- ]]>
  </system-out>
  <testcase classname="Agent_Module.AgentMultipleLoginTest" name="MultipleLogin" time="0.000">
    <skipped/>
  </testcase> <!-- MultipleLogin -->
  <system-out>
    <![CDATA[Test is Skipped ---> MultipleLogin]]>
  </system-out>
  <testcase classname="Agent_Module.AgentMultipleLoginTest" name="MultipleLogin" time="0.000">
    <skipped/>
  </testcase> <!-- MultipleLogin -->
  <system-out>
    <![CDATA[Test is Skipped ---> MultipleLogin]]>
  </system-out>
  <testcase classname="Agent_Module.AgentMultipleLoginTest" name="MultipleLogin" time="1.601"/>
  <system-out>
    <![CDATA[Runnning Thread: 1
agent16 --- Logged Into Agent Module Succesfully --- ]]>
  </system-out>
  <testcase classname="Agent_Module.AgentMultipleLoginTest" name="MultipleLogin" time="0.000">
    <skipped/>
  </testcase> <!-- MultipleLogin -->
  <system-out>
    <![CDATA[Test is Skipped ---> MultipleLogin]]>
  </system-out>
  <testcase classname="Agent_Module.AgentMultipleLoginTest" name="MultipleLogin" time="0.000">
    <skipped/>
  </testcase> <!-- MultipleLogin -->
  <system-out>
    <![CDATA[Test is Skipped ---> MultipleLogin]]>
  </system-out>
  <testcase classname="Agent_Module.AgentMultipleLoginTest" name="MultipleLogin" time="0.000">
    <skipped/>
  </testcase> <!-- MultipleLogin -->
  <system-out>
    <![CDATA[Test is Skipped ---> MultipleLogin]]>
  </system-out>
  <testcase classname="Agent_Module.AgentMultipleLoginTest" name="MultipleLogin" time="0.891"/>
  <system-out>
    <![CDATA[Runnning Thread: 1
agent21 --- Logged Into Agent Module Succesfully --- ]]>
  </system-out>
  <testcase classname="Agent_Module.AgentMultipleLoginTest" name="MultipleLogin" time="0.000">
    <skipped/>
  </testcase> <!-- MultipleLogin -->
  <system-out>
    <![CDATA[Test is Skipped ---> MultipleLogin]]>
  </system-out>
  <testcase classname="Agent_Module.AgentMultipleLoginTest" name="MultipleLogin" time="0.000">
    <skipped/>
  </testcase> <!-- MultipleLogin -->
  <system-out>
    <![CDATA[Test is Skipped ---> MultipleLogin]]>
  </system-out>
  <testcase classname="Agent_Module.AgentMultipleLoginTest" name="MultipleLogin" time="0.000">
    <skipped/>
  </testcase> <!-- MultipleLogin -->
  <system-out>
    <![CDATA[Test is Skipped ---> MultipleLogin]]>
  </system-out>
  <testcase classname="Agent_Module.AgentMultipleLoginTest" name="MultipleLogin" time="0.000">
    <skipped/>
  </testcase> <!-- MultipleLogin -->
  <system-out>
    <![CDATA[Test is Skipped ---> MultipleLogin]]>
  </system-out>
  <testcase classname="Agent_Module.AgentMultipleLoginTest" name="MultipleLogin" time="0.000">
    <skipped/>
  </testcase> <!-- MultipleLogin -->
  <system-out>
    <![CDATA[Test is Skipped ---> MultipleLogin]]>
  </system-out>
  <testcase classname="Agent_Module.AgentMultipleLoginTest" name="MultipleLogin" time="0.000">
    <skipped/>
  </testcase> <!-- MultipleLogin -->
  <system-out>
    <![CDATA[Test is Skipped ---> MultipleLogin]]>
  </system-out>
  <testcase classname="Agent_Module.AgentMultipleLoginTest" name="MultipleLogin" time="0.000">
    <skipped/>
  </testcase> <!-- MultipleLogin -->
  <system-out>
    <![CDATA[Test is Skipped ---> MultipleLogin]]>
  </system-out>
  <testcase classname="Agent_Module.AgentMultipleLoginTest" name="MultipleLogin" time="0.000">
    <skipped/>
  </testcase> <!-- MultipleLogin -->
  <system-out>
    <![CDATA[Test is Skipped ---> MultipleLogin]]>
  </system-out>
  <testcase classname="Agent_Module.AgentMultipleLoginTest" name="MultipleLogin" time="0.000">
    <skipped/>
  </testcase> <!-- MultipleLogin -->
  <system-out>
    <![CDATA[Test is Skipped ---> MultipleLogin]]>
  </system-out>
  <testcase classname="Agent_Module.AgentMultipleLoginTest" name="MultipleLogin" time="1.657"/>
  <system-out>
    <![CDATA[Runnning Thread: 1
agent3 --- Logged Into Agent Module Succesfully --- ]]>
  </system-out>
  <testcase classname="Agent_Module.AgentMultipleLoginTest" name="MultipleLogin" time="0.000">
    <skipped/>
  </testcase> <!-- MultipleLogin -->
  <system-out>
    <![CDATA[Test is Skipped ---> MultipleLogin]]>
  </system-out>
  <testcase classname="Agent_Module.AgentMultipleLoginTest" name="MultipleLogin" time="0.000">
    <skipped/>
  </testcase> <!-- MultipleLogin -->
  <system-out>
    <![CDATA[Test is Skipped ---> MultipleLogin]]>
  </system-out>
  <testcase classname="Agent_Module.AgentMultipleLoginTest" name="MultipleLogin" time="0.000">
    <skipped/>
  </testcase> <!-- MultipleLogin -->
  <system-out>
    <![CDATA[Test is Skipped ---> MultipleLogin]]>
  </system-out>
  <testcase classname="Agent_Module.AgentMultipleLoginTest" name="MultipleLogin" time="0.000">
    <skipped/>
  </testcase> <!-- MultipleLogin -->
  <system-out>
    <![CDATA[Test is Skipped ---> MultipleLogin]]>
  </system-out>
  <testcase classname="Agent_Module.AgentMultipleLoginTest" name="MultipleLogin" time="0.000">
    <skipped/>
  </testcase> <!-- MultipleLogin -->
  <system-out>
    <![CDATA[Test is Skipped ---> MultipleLogin]]>
  </system-out>
  <testcase classname="Agent_Module.AgentMultipleLoginTest" name="MultipleLogin" time="0.000">
    <skipped/>
  </testcase> <!-- MultipleLogin -->
  <system-out>
    <![CDATA[Test is Skipped ---> MultipleLogin]]>
  </system-out>
  <testcase classname="Agent_Module.AgentMultipleLoginTest" name="MultipleLogin" time="0.000">
    <skipped/>
  </testcase> <!-- MultipleLogin -->
  <system-out>
    <![CDATA[Test is Skipped ---> MultipleLogin]]>
  </system-out>
  <testcase classname="Agent_Module.AgentMultipleLoginTest" name="MultipleLogin" time="0.000">
    <skipped/>
  </testcase> <!-- MultipleLogin -->
  <system-out>
    <![CDATA[Test is Skipped ---> MultipleLogin]]>
  </system-out>
  <testcase classname="Agent_Module.AgentMultipleLoginTest" name="MultipleLogin" time="0.000">
    <skipped/>
  </testcase> <!-- MultipleLogin -->
  <system-out>
    <![CDATA[Test is Skipped ---> MultipleLogin]]>
  </system-out>
  <testcase classname="Agent_Module.AgentMultipleLoginTest" name="MultipleLogin" time="0.000">
    <skipped/>
  </testcase> <!-- MultipleLogin -->
  <system-out>
    <![CDATA[Test is Skipped ---> MultipleLogin]]>
  </system-out>
  <testcase classname="Agent_Module.AgentMultipleLoginTest" name="MultipleLogin" time="0.000">
    <skipped/>
  </testcase> <!-- MultipleLogin -->
  <system-out>
    <![CDATA[Test is Skipped ---> MultipleLogin]]>
  </system-out>
  <testcase classname="Agent_Module.AgentMultipleLoginTest" name="MultipleLogin" time="0.000">
    <skipped/>
  </testcase> <!-- MultipleLogin -->
  <system-out>
    <![CDATA[Test is Skipped ---> MultipleLogin]]>
  </system-out>
  <testcase classname="Agent_Module.AgentMultipleLoginTest" name="MultipleLogin" time="0.000">
    <skipped/>
  </testcase> <!-- MultipleLogin -->
  <system-out>
    <![CDATA[Test is Skipped ---> MultipleLogin]]>
  </system-out>
  <testcase classname="Agent_Module.AgentMultipleLoginTest" name="MultipleLogin" time="0.000">
    <skipped/>
  </testcase> <!-- MultipleLogin -->
  <system-out>
    <![CDATA[Test is Skipped ---> MultipleLogin]]>
  </system-out>
  <testcase classname="Agent_Module.AgentMultipleLoginTest" name="MultipleLogin" time="0.000">
    <skipped/>
  </testcase> <!-- MultipleLogin -->
  <system-out>
    <![CDATA[Test is Skipped ---> MultipleLogin]]>
  </system-out>
  <testcase classname="Agent_Module.AgentMultipleLoginTest" name="MultipleLogin" time="0.000">
    <skipped/>
  </testcase> <!-- MultipleLogin -->
  <system-out>
    <![CDATA[Test is Skipped ---> MultipleLogin]]>
  </system-out>
  <testcase classname="Agent_Module.AgentMultipleLoginTest" name="MultipleLogin" time="2.164"/>
  <system-out>
    <![CDATA[Runnning Thread: 1
agent7 --- Logged Into Agent Module Succesfully --- ]]>
  </system-out>
  <testcase classname="Agent_Module.AgentMultipleLoginTest" name="MultipleLogin" time="0.000">
    <skipped/>
  </testcase> <!-- MultipleLogin -->
  <system-out>
    <![CDATA[Test is Skipped ---> MultipleLogin]]>
  </system-out>
  <testcase classname="Agent_Module.AgentMultipleLoginTest" name="MultipleLogin" time="0.000">
    <skipped/>
  </testcase> <!-- MultipleLogin -->
  <system-out>
    <![CDATA[Test is Skipped ---> MultipleLogin]]>
  </system-out>
  <testcase classname="Agent_Module.AgentMultipleLoginTest" name="MultipleLogin" time="0.000">
    <skipped/>
  </testcase> <!-- MultipleLogin -->
  <system-out>
    <![CDATA[Test is Skipped ---> MultipleLogin]]>
  </system-out>
  <testcase classname="Agent_Module.AgentMultipleLoginTest" name="MultipleLogin" time="1.213"/>
  <system-out>
    <![CDATA[Runnning Thread: 1
agent13 --- Logged Into Agent Module Succesfully --- ]]>
  </system-out>
  <testcase classname="Agent_Module.AgentMultipleLoginTest" name="MultipleLogin" time="0.000">
    <skipped/>
  </testcase> <!-- MultipleLogin -->
  <system-out>
    <![CDATA[Test is Skipped ---> MultipleLogin]]>
  </system-out>
  <testcase classname="Agent_Module.AgentMultipleLoginTest" name="MultipleLogin" time="0.000">
    <skipped/>
  </testcase> <!-- MultipleLogin -->
  <system-out>
    <![CDATA[Test is Skipped ---> MultipleLogin]]>
  </system-out>
  <testcase classname="Agent_Module.AgentMultipleLoginTest" name="MultipleLogin" time="0.000">
    <skipped/>
  </testcase> <!-- MultipleLogin -->
  <system-out>
    <![CDATA[Test is Skipped ---> MultipleLogin]]>
  </system-out>
  <testcase classname="Agent_Module.AgentMultipleLoginTest" name="MultipleLogin" time="0.000">
    <skipped/>
  </testcase> <!-- MultipleLogin -->
  <system-out>
    <![CDATA[Test is Skipped ---> MultipleLogin]]>
  </system-out>
  <testcase classname="Agent_Module.AgentMultipleLoginTest" name="MultipleLogin" time="0.000">
    <skipped/>
  </testcase> <!-- MultipleLogin -->
  <system-out>
    <![CDATA[Test is Skipped ---> MultipleLogin]]>
  </system-out>
  <testcase classname="Agent_Module.AgentMultipleLoginTest" name="MultipleLogin" time="0.000">
    <skipped/>
  </testcase> <!-- MultipleLogin -->
  <system-out>
    <![CDATA[Test is Skipped ---> MultipleLogin]]>
  </system-out>
  <testcase classname="Agent_Module.AgentMultipleLoginTest" name="MultipleLogin" time="0.000">
    <skipped/>
  </testcase> <!-- MultipleLogin -->
  <system-out>
    <![CDATA[Test is Skipped ---> MultipleLogin]]>
  </system-out>
  <testcase classname="Agent_Module.AgentMultipleLoginTest" name="MultipleLogin" time="1.651"/>
  <system-out>
    <![CDATA[Runnning Thread: 1
agent35 --- Logged Into Agent Module Succesfully --- ]]>
  </system-out>
  <testcase classname="Agent_Module.AgentMultipleLoginTest" name="MultipleLogin" time="0.000">
    <skipped/>
  </testcase> <!-- MultipleLogin -->
  <system-out>
    <![CDATA[Test is Skipped ---> MultipleLogin]]>
  </system-out>
  <testcase classname="Agent_Module.AgentMultipleLoginTest" name="MultipleLogin" time="1.580"/>
  <system-out>
    <![CDATA[Runnning Thread: 1
agent26 --- Logged Into Agent Module Succesfully --- ]]>
  </system-out>
  <testcase classname="Agent_Module.AgentMultipleLoginTest" name="MultipleLogin" time="0.000">
    <skipped/>
  </testcase> <!-- MultipleLogin -->
  <system-out>
    <![CDATA[Test is Skipped ---> MultipleLogin]]>
  </system-out>
  <testcase classname="Agent_Module.AgentMultipleLoginTest" name="MultipleLogin" time="0.000">
    <skipped/>
  </testcase> <!-- MultipleLogin -->
  <system-out>
    <![CDATA[Test is Skipped ---> MultipleLogin]]>
  </system-out>
  <testcase classname="Agent_Module.AgentMultipleLoginTest" name="amConfigration" time="0.300">
    <error message="no such window: target window already closed
from unknown error: web view not found
  (Session info: chrome=115.0.5790.110)
Build info: version: &#039;4.4.0&#039;, revision: &#039;e5c75ed026a&#039;
System info: host: &#039;DESKTOP-GE7D7VL&#039;, ip: &#039;172.16.13.4&#039;, os.name: &#039;Windows 10&#039;, os.arch: &#039;amd64&#039;, os.version: &#039;10.0&#039;, java.version: &#039;18.0.2.1&#039;
Driver info: org.openqa.selenium.chrome.ChromeDriver
Command: [9ee424837b2f0dd264d4da4d30dbc329, findElements {using=css selector, value=frame#agentframe,iframe#agentframe}]
Capabilities {acceptInsecureCerts: false, browserName: chrome, browserVersion: 115.0.5790.110, chrome: {chromedriverVersion: 114.0.5735.90 (386bc09e8f4f..., userDataDir: C:\Users\Lenovo\AppData\Loc...}, goog:chromeOptions: {debuggerAddress: localhost:53338}, networkConnectionEnabled: false, pageLoadStrategy: normal, platformName: WINDOWS, proxy: Proxy(), se:cdp: ws://localhost:53338/devtoo..., se:cdpVersion: 115.0.5790.110, setWindowRect: true, strictFileInteractability: false, timeouts: {implicit: 0, pageLoad: 300000, script: 30000}, unhandledPromptBehavior: dismiss and notify, webauthn:extension:credBlob: true, webauthn:extension:largeBlob: true, webauthn:extension:minPinLength: true, webauthn:extension:prf: true, webauthn:virtualAuthenticators: true}
Session ID: 9ee424837b2f0dd264d4da4d30dbc329" type="org.openqa.selenium.NoSuchWindowException">
      <![CDATA[org.openqa.selenium.NoSuchWindowException: no such window: target window already closed
from unknown error: web view not found
  (Session info: chrome=115.0.5790.110)
Build info: version: '4.4.0', revision: 'e5c75ed026a'
System info: host: 'DESKTOP-GE7D7VL', ip: '172.16.13.4', os.name: 'Windows 10', os.arch: 'amd64', os.version: '10.0', java.version: '18.0.2.1'
Driver info: org.openqa.selenium.chrome.ChromeDriver
Command: [9ee424837b2f0dd264d4da4d30dbc329, findElements {using=css selector, value=frame#agentframe,iframe#agentframe}]
Capabilities {acceptInsecureCerts: false, browserName: chrome, browserVersion: 115.0.5790.110, chrome: {chromedriverVersion: 114.0.5735.90 (386bc09e8f4f..., userDataDir: C:\Users\Lenovo\AppData\Loc...}, goog:chromeOptions: {debuggerAddress: localhost:53338}, networkConnectionEnabled: false, pageLoadStrategy: normal, platformName: WINDOWS, proxy: Proxy(), se:cdp: ws://localhost:53338/devtoo..., se:cdpVersion: 115.0.5790.110, setWindowRect: true, strictFileInteractability: false, timeouts: {implicit: 0, pageLoad: 300000, script: 30000}, unhandledPromptBehavior: dismiss and notify, webauthn:extension:credBlob: true, webauthn:extension:largeBlob: true, webauthn:extension:minPinLength: true, webauthn:extension:prf: true, webauthn:virtualAuthenticators: true}
Session ID: 9ee424837b2f0dd264d4da4d30dbc329
at java.base/jdk.internal.reflect.DirectConstructorHandleAccessor.newInstance(DirectConstructorHandleAccessor.java:67)
at java.base/java.lang.reflect.Constructor.newInstanceWithCaller(Constructor.java:499)
at java.base/java.lang.reflect.Constructor.newInstance(Constructor.java:483)
at org.openqa.selenium.remote.codec.w3c.W3CHttpResponseCodec.createException(W3CHttpResponseCodec.java:200)
at org.openqa.selenium.remote.codec.w3c.W3CHttpResponseCodec.decode(W3CHttpResponseCodec.java:133)
at org.openqa.selenium.remote.codec.w3c.W3CHttpResponseCodec.decode(W3CHttpResponseCodec.java:53)
at org.openqa.selenium.remote.HttpCommandExecutor.execute(HttpCommandExecutor.java:184)
at org.openqa.selenium.remote.service.DriverCommandExecutor.invokeExecute(DriverCommandExecutor.java:167)
at org.openqa.selenium.remote.service.DriverCommandExecutor.execute(DriverCommandExecutor.java:142)
at org.openqa.selenium.remote.RemoteWebDriver.execute(RemoteWebDriver.java:547)
at org.openqa.selenium.remote.ElementLocation$ElementFinder$2.findElements(ElementLocation.java:179)
at org.openqa.selenium.remote.ElementLocation.findElements(ElementLocation.java:102)
at org.openqa.selenium.remote.RemoteWebDriver.findElements(RemoteWebDriver.java:380)
at org.openqa.selenium.remote.RemoteWebDriver.findElements(RemoteWebDriver.java:372)
at org.openqa.selenium.remote.RemoteWebDriver$RemoteTargetLocator.frame(RemoteWebDriver.java:1059)
at Convox.GenericLibraries.WebDriverLibrary.switchToFrame(WebDriverLibrary.java:221)
at Convox.ObjectRepository.AgentModule.AgentHomePage.LogoutFromAgentModule(AgentHomePage.java:434)
at Convox.GenericLibraries.BaseClass.amConfigration(BaseClass.java:100)
at java.base/jdk.internal.reflect.DirectMethodHandleAccessor.invoke(DirectMethodHandleAccessor.java:104)
at java.base/java.lang.reflect.Method.invoke(Method.java:577)
at org.testng.internal.MethodInvocationHelper.invokeMethod(MethodInvocationHelper.java:133)
at org.testng.internal.MethodInvocationHelper.invokeMethodConsideringTimeout(MethodInvocationHelper.java:62)
at org.testng.internal.ConfigInvoker.invokeConfigurationMethod(ConfigInvoker.java:385)
at org.testng.internal.ConfigInvoker.invokeConfigurations(ConfigInvoker.java:321)
at org.testng.internal.TestInvoker.runConfigMethods(TestInvoker.java:700)
at org.testng.internal.TestInvoker.runAfterGroupsConfigurations(TestInvoker.java:676)
at org.testng.internal.TestInvoker.invokeMethod(TestInvoker.java:660)
at org.testng.internal.TestInvoker.invokeTestMethod(TestInvoker.java:173)
at org.testng.internal.MethodRunner.runInSequence(MethodRunner.java:46)
at org.testng.internal.TestInvoker$MethodInvocationAgent.invoke(TestInvoker.java:824)
at org.testng.internal.TestInvoker.invokeTestMethods(TestInvoker.java:146)
at org.testng.internal.TestMethodWorker.invokeTestMethods(TestMethodWorker.java:146)
at org.testng.internal.TestMethodWorker.run(TestMethodWorker.java:128)
at java.base/java.util.ArrayList.forEach(ArrayList.java:1511)
at org.testng.TestRunner.privateRun(TestRunner.java:794)
at org.testng.TestRunner.run(TestRunner.java:596)
at org.testng.SuiteRunner.runTest(SuiteRunner.java:377)
at org.testng.SuiteRunner.runSequentially(SuiteRunner.java:371)
at org.testng.SuiteRunner.privateRun(SuiteRunner.java:332)
at org.testng.SuiteRunner.run(SuiteRunner.java:276)
at org.testng.SuiteRunnerWorker.runSuite(SuiteRunnerWorker.java:53)
at org.testng.SuiteRunnerWorker.run(SuiteRunnerWorker.java:96)
at org.testng.TestNG.runSuitesSequentially(TestNG.java:1212)
at org.testng.TestNG.runSuitesLocally(TestNG.java:1134)
at org.testng.TestNG.runSuites(TestNG.java:1063)
at org.testng.TestNG.run(TestNG.java:1031)
at org.testng.remote.AbstractRemoteTestNG.run(AbstractRemoteTestNG.java:115)
at org.testng.remote.RemoteTestNG.initAndRun(RemoteTestNG.java:251)
at org.testng.remote.RemoteTestNG.main(RemoteTestNG.java:77)
]]>
    </error>
  </testcase> <!-- amConfigration -->
  <system-out/>
  <testcase classname="Agent_Module.AgentMultipleLoginTest" name="MultipleLogin" time="0.963"/>
  <system-out>
    <![CDATA[Runnning Thread: 1
agent32 --- Logged Into Agent Module Succesfully --- ]]>
  </system-out>
  <testcase classname="Agent_Module.AgentMultipleLoginTest" name="MultipleLogin" time="0.000">
    <skipped/>
  </testcase> <!-- MultipleLogin -->
  <system-out>
    <![CDATA[Test is Skipped ---> MultipleLogin]]>
  </system-out>
  <testcase classname="Agent_Module.AgentMultipleLoginTest" name="MultipleLogin" time="1.525"/>
  <system-out>
    <![CDATA[Runnning Thread: 1
agent17 --- Logged Into Agent Module Succesfully --- ]]>
  </system-out>
  <testcase classname="Agent_Module.AgentMultipleLoginTest" name="MultipleLogin" time="1.502"/>
  <system-out>
    <![CDATA[Runnning Thread: 1
agent19 --- Logged Into Agent Module Succesfully --- ]]>
  </system-out>
  <testcase classname="Agent_Module.AgentMultipleLoginTest" name="MultipleLogin" time="0.000">
    <skipped/>
  </testcase> <!-- MultipleLogin -->
  <system-out>
    <![CDATA[Test is Skipped ---> MultipleLogin]]>
  </system-out>
  <testcase classname="Agent_Module.AgentMultipleLoginTest" name="MultipleLogin" time="0.000">
    <skipped/>
  </testcase> <!-- MultipleLogin -->
  <system-out>
    <![CDATA[Test is Skipped ---> MultipleLogin]]>
  </system-out>
  <testcase classname="Agent_Module.AgentMultipleLoginTest" name="MultipleLogin" time="0.000">
    <skipped/>
  </testcase> <!-- MultipleLogin -->
  <system-out>
    <![CDATA[Test is Skipped ---> MultipleLogin]]>
  </system-out>
  <testcase classname="Agent_Module.AgentMultipleLoginTest" name="MultipleLogin" time="1.269"/>
  <system-out>
    <![CDATA[Runnning Thread: 1
agent9 --- Logged Into Agent Module Succesfully --- ]]>
  </system-out>
  <testcase classname="Agent_Module.AgentMultipleLoginTest" name="MultipleLogin" time="0.000">
    <skipped/>
  </testcase> <!-- MultipleLogin -->
  <system-out>
    <![CDATA[Test is Skipped ---> MultipleLogin]]>
  </system-out>
  <testcase classname="Agent_Module.AgentMultipleLoginTest" name="MultipleLogin" time="1.598"/>
  <system-out>
    <![CDATA[Runnning Thread: 1
agent24 --- Logged Into Agent Module Succesfully --- ]]>
  </system-out>
  <testcase classname="Agent_Module.AgentMultipleLoginTest" name="MultipleLogin" time="0.000">
    <skipped/>
  </testcase> <!-- MultipleLogin -->
  <system-out>
    <![CDATA[Test is Skipped ---> MultipleLogin]]>
  </system-out>
  <testcase classname="Agent_Module.AgentMultipleLoginTest" name="MultipleLogin" time="0.000">
    <skipped/>
  </testcase> <!-- MultipleLogin -->
  <system-out>
    <![CDATA[Test is Skipped ---> MultipleLogin]]>
  </system-out>
  <testcase classname="Agent_Module.AgentMultipleLoginTest" name="MultipleLogin" time="0.000">
    <skipped/>
  </testcase> <!-- MultipleLogin -->
  <system-out>
    <![CDATA[Test is Skipped ---> MultipleLogin]]>
  </system-out>
  <testcase classname="Agent_Module.AgentMultipleLoginTest" name="MultipleLogin" time="0.000">
    <skipped/>
  </testcase> <!-- MultipleLogin -->
  <system-out>
    <![CDATA[Test is Skipped ---> MultipleLogin]]>
  </system-out>
  <testcase classname="Agent_Module.AgentMultipleLoginTest" name="MultipleLogin" time="0.000">
    <skipped/>
  </testcase> <!-- MultipleLogin -->
  <system-out>
    <![CDATA[Test is Skipped ---> MultipleLogin]]>
  </system-out>
  <testcase classname="Agent_Module.AgentMultipleLoginTest" name="MultipleLogin" time="1.553"/>
  <system-out>
    <![CDATA[Runnning Thread: 1
agent18 --- Logged Into Agent Module Succesfully --- ]]>
  </system-out>
  <testcase classname="Agent_Module.AgentMultipleLoginTest" name="MultipleLogin" time="1.543"/>
  <system-out>
    <![CDATA[Runnning Thread: 1
agent29 --- Logged Into Agent Module Succesfully --- ]]>
  </system-out>
  <testcase classname="Agent_Module.AgentMultipleLoginTest" name="MultipleLogin" time="0.000">
    <skipped/>
  </testcase> <!-- MultipleLogin -->
  <system-out>
    <![CDATA[Test is Skipped ---> MultipleLogin]]>
  </system-out>
  <testcase classname="Agent_Module.AgentMultipleLoginTest" name="MultipleLogin" time="2.557"/>
  <system-out>
    <![CDATA[Runnning Thread: 1
agent12 --- Logged Into Agent Module Succesfully --- ]]>
  </system-out>
  <testcase classname="Agent_Module.AgentMultipleLoginTest" name="MultipleLogin" time="0.000">
    <skipped/>
  </testcase> <!-- MultipleLogin -->
  <system-out>
    <![CDATA[Test is Skipped ---> MultipleLogin]]>
  </system-out>
  <testcase classname="Agent_Module.AgentMultipleLoginTest" name="MultipleLogin" time="0.000">
    <skipped/>
  </testcase> <!-- MultipleLogin -->
  <system-out>
    <![CDATA[Test is Skipped ---> MultipleLogin]]>
  </system-out>
  <testcase classname="Agent_Module.AgentMultipleLoginTest" name="MultipleLogin" time="0.000">
    <skipped/>
  </testcase> <!-- MultipleLogin -->
  <system-out>
    <![CDATA[Test is Skipped ---> MultipleLogin]]>
  </system-out>
  <testcase classname="Agent_Module.AgentMultipleLoginTest" name="MultipleLogin" time="0.000">
    <skipped/>
  </testcase> <!-- MultipleLogin -->
  <system-out>
    <![CDATA[Test is Skipped ---> MultipleLogin]]>
  </system-out>
  <testcase classname="Agent_Module.AgentMultipleLoginTest" name="MultipleLogin" time="1.517"/>
  <system-out>
    <![CDATA[Runnning Thread: 1
agent11 --- Logged Into Agent Module Succesfully --- ]]>
  </system-out>
  <testcase classname="Agent_Module.AgentMultipleLoginTest" name="MultipleLogin" time="1.541"/>
  <system-out>
    <![CDATA[Runnning Thread: 1
agent28 --- Logged Into Agent Module Succesfully --- ]]>
  </system-out>
  <testcase classname="Agent_Module.AgentMultipleLoginTest" name="MultipleLogin" time="0.000">
    <skipped/>
  </testcase> <!-- MultipleLogin -->
  <system-out>
    <![CDATA[Test is Skipped ---> MultipleLogin]]>
  </system-out>
</testsuite> <!-- Agent_Module.AgentMultipleLoginTest -->
