<?xml version="1.0" encoding="UTF-8"?>
<!-- Generated by org.testng.reporters.JUnitReportReporter -->
<testsuite hostname="DESKTOP-GE7D7VL" failures="0" tests="1" name="Agent_Module.AgentOperationsTest" time="34.065" errors="0" timestamp="2023-08-01T16:34:08 IST" skipped="0">
  <testcase classname="Agent_Module.AgentOperationsTest" name="PredectiveCallTest" time="34.065"/>
  <system-out>
    <![CDATA[Successfully Switched to Default Frame
Successfully Switched to Main Frame
Successfully Switched to CRM Frame
Primary Number Call Ended Succesfully
Data of primary Number Recorded Succesfully in CRM
CRM updated Succesfully
Successfully Switched to Default Frame
Successfully Switched to Main Frame
Successfully Switched to CRM Frame
Primary Number Call Ended Succesfully
Data of primary Number Recorded Succesfully in CRM
CRM updated Succesfully
Successfully Switched to Default Frame
Successfully Switched to Main Frame
Successfully Switched to CRM Frame
Primary Number Call Ended Succesfully
Data of primary Number Recorded Succesfully in CRM
CRM updated Succesfully
Successfully Switched to Default Frame
Successfully Switched to Main Frame]]>
  </system-out>
</testsuite> <!-- Agent_Module.AgentOperationsTest -->
