<?xml version="1.0" encoding="UTF-8"?>
<!-- Generated by org.testng.reporters.JUnitReportReporter -->
<testsuite hostname="DESKTOP-GE7D7VL" failures="0" tests="201" name="Agent_Module.AgentMultipleLoginTest" time="104.165" errors="1" timestamp="2023-08-02T19:02:41 IST" skipped="199">
  <testcase classname="Agent_Module.AgentMultipleLoginTest" name="MultipleLogin" time="0.274">
    <skipped/>
  </testcase> <!-- MultipleLogin -->
  <system-out>
    <![CDATA[Test is Skipped ---> MultipleLogin]]>
  </system-out>
  <testcase classname="Agent_Module.AgentMultipleLoginTest" name="MultipleLogin" time="0.000">
    <skipped/>
  </testcase> <!-- MultipleLogin -->
  <system-out>
    <![CDATA[Test is Skipped ---> MultipleLogin]]>
  </system-out>
  <testcase classname="Agent_Module.AgentMultipleLoginTest" name="MultipleLogin" time="0.000">
    <skipped/>
  </testcase> <!-- MultipleLogin -->
  <system-out>
    <![CDATA[Test is Skipped ---> MultipleLogin]]>
  </system-out>
  <testcase classname="Agent_Module.AgentMultipleLoginTest" name="MultipleLogin" time="0.000">
    <skipped/>
  </testcase> <!-- MultipleLogin -->
  <system-out>
    <![CDATA[Test is Skipped ---> MultipleLogin]]>
  </system-out>
  <testcase classname="Agent_Module.AgentMultipleLoginTest" name="MultipleLogin" time="0.000">
    <skipped/>
  </testcase> <!-- MultipleLogin -->
  <system-out>
    <![CDATA[Test is Skipped ---> MultipleLogin]]>
  </system-out>
  <testcase classname="Agent_Module.AgentMultipleLoginTest" name="MultipleLogin" time="0.000">
    <skipped/>
  </testcase> <!-- MultipleLogin -->
  <system-out>
    <![CDATA[Test is Skipped ---> MultipleLogin]]>
  </system-out>
  <testcase classname="Agent_Module.AgentMultipleLoginTest" name="MultipleLogin" time="0.000">
    <skipped/>
  </testcase> <!-- MultipleLogin -->
  <system-out>
    <![CDATA[Test is Skipped ---> MultipleLogin]]>
  </system-out>
  <testcase classname="Agent_Module.AgentMultipleLoginTest" name="MultipleLogin" time="0.000">
    <skipped/>
  </testcase> <!-- MultipleLogin -->
  <system-out>
    <![CDATA[Test is Skipped ---> MultipleLogin]]>
  </system-out>
  <testcase classname="Agent_Module.AgentMultipleLoginTest" name="MultipleLogin" time="0.000">
    <skipped/>
  </testcase> <!-- MultipleLogin -->
  <system-out>
    <![CDATA[Test is Skipped ---> MultipleLogin]]>
  </system-out>
  <testcase classname="Agent_Module.AgentMultipleLoginTest" name="MultipleLogin" time="0.000">
    <skipped/>
  </testcase> <!-- MultipleLogin -->
  <system-out>
    <![CDATA[Test is Skipped ---> MultipleLogin]]>
  </system-out>
  <testcase classname="Agent_Module.AgentMultipleLoginTest" name="MultipleLogin" time="0.000">
    <skipped/>
  </testcase> <!-- MultipleLogin -->
  <system-out>
    <![CDATA[Test is Skipped ---> MultipleLogin]]>
  </system-out>
  <testcase classname="Agent_Module.AgentMultipleLoginTest" name="MultipleLogin" time="0.000">
    <skipped/>
  </testcase> <!-- MultipleLogin -->
  <system-out>
    <![CDATA[Test is Skipped ---> MultipleLogin]]>
  </system-out>
  <testcase classname="Agent_Module.AgentMultipleLoginTest" name="MultipleLogin" time="0.000">
    <skipped/>
  </testcase> <!-- MultipleLogin -->
  <system-out>
    <![CDATA[Test is Skipped ---> MultipleLogin]]>
  </system-out>
  <testcase classname="Agent_Module.AgentMultipleLoginTest" name="MultipleLogin" time="0.000">
    <skipped/>
  </testcase> <!-- MultipleLogin -->
  <system-out>
    <![CDATA[Test is Skipped ---> MultipleLogin]]>
  </system-out>
  <testcase classname="Agent_Module.AgentMultipleLoginTest" name="MultipleLogin" time="0.000">
    <skipped/>
  </testcase> <!-- MultipleLogin -->
  <system-out>
    <![CDATA[Test is Skipped ---> MultipleLogin]]>
  </system-out>
  <testcase classname="Agent_Module.AgentMultipleLoginTest" name="MultipleLogin" time="0.001">
    <skipped/>
  </testcase> <!-- MultipleLogin -->
  <system-out>
    <![CDATA[Test is Skipped ---> MultipleLogin]]>
  </system-out>
  <testcase classname="Agent_Module.AgentMultipleLoginTest" name="MultipleLogin" time="0.000">
    <skipped/>
  </testcase> <!-- MultipleLogin -->
  <system-out>
    <![CDATA[Test is Skipped ---> MultipleLogin]]>
  </system-out>
  <testcase classname="Agent_Module.AgentMultipleLoginTest" name="MultipleLogin" time="0.000">
    <skipped/>
  </testcase> <!-- MultipleLogin -->
  <system-out>
    <![CDATA[Test is Skipped ---> MultipleLogin]]>
  </system-out>
  <testcase classname="Agent_Module.AgentMultipleLoginTest" name="MultipleLogin" time="0.000">
    <skipped/>
  </testcase> <!-- MultipleLogin -->
  <system-out>
    <![CDATA[Test is Skipped ---> MultipleLogin]]>
  </system-out>
  <testcase classname="Agent_Module.AgentMultipleLoginTest" name="MultipleLogin" time="0.000">
    <skipped/>
  </testcase> <!-- MultipleLogin -->
  <system-out>
    <![CDATA[Test is Skipped ---> MultipleLogin]]>
  </system-out>
  <testcase classname="Agent_Module.AgentMultipleLoginTest" name="MultipleLogin" time="0.000">
    <skipped/>
  </testcase> <!-- MultipleLogin -->
  <system-out>
    <![CDATA[Test is Skipped ---> MultipleLogin]]>
  </system-out>
  <testcase classname="Agent_Module.AgentMultipleLoginTest" name="MultipleLogin" time="0.000">
    <skipped/>
  </testcase> <!-- MultipleLogin -->
  <system-out>
    <![CDATA[Test is Skipped ---> MultipleLogin]]>
  </system-out>
  <testcase classname="Agent_Module.AgentMultipleLoginTest" name="MultipleLogin" time="0.000">
    <skipped/>
  </testcase> <!-- MultipleLogin -->
  <system-out>
    <![CDATA[Test is Skipped ---> MultipleLogin]]>
  </system-out>
  <testcase classname="Agent_Module.AgentMultipleLoginTest" name="MultipleLogin" time="0.000">
    <skipped/>
  </testcase> <!-- MultipleLogin -->
  <system-out>
    <![CDATA[Test is Skipped ---> MultipleLogin]]>
  </system-out>
  <testcase classname="Agent_Module.AgentMultipleLoginTest" name="MultipleLogin" time="0.000">
    <skipped/>
  </testcase> <!-- MultipleLogin -->
  <system-out>
    <![CDATA[Test is Skipped ---> MultipleLogin]]>
  </system-out>
  <testcase classname="Agent_Module.AgentMultipleLoginTest" name="MultipleLogin" time="0.000">
    <skipped/>
  </testcase> <!-- MultipleLogin -->
  <system-out>
    <![CDATA[Test is Skipped ---> MultipleLogin]]>
  </system-out>
  <testcase classname="Agent_Module.AgentMultipleLoginTest" name="MultipleLogin" time="0.000">
    <skipped/>
  </testcase> <!-- MultipleLogin -->
  <system-out>
    <![CDATA[Test is Skipped ---> MultipleLogin]]>
  </system-out>
  <testcase classname="Agent_Module.AgentMultipleLoginTest" name="MultipleLogin" time="0.000">
    <skipped/>
  </testcase> <!-- MultipleLogin -->
  <system-out>
    <![CDATA[Test is Skipped ---> MultipleLogin]]>
  </system-out>
  <testcase classname="Agent_Module.AgentMultipleLoginTest" name="MultipleLogin" time="0.000">
    <skipped/>
  </testcase> <!-- MultipleLogin -->
  <system-out>
    <![CDATA[Test is Skipped ---> MultipleLogin]]>
  </system-out>
  <testcase classname="Agent_Module.AgentMultipleLoginTest" name="MultipleLogin" time="0.000">
    <skipped/>
  </testcase> <!-- MultipleLogin -->
  <system-out>
    <![CDATA[Test is Skipped ---> MultipleLogin]]>
  </system-out>
  <testcase classname="Agent_Module.AgentMultipleLoginTest" name="MultipleLogin" time="0.000">
    <skipped/>
  </testcase> <!-- MultipleLogin -->
  <system-out>
    <![CDATA[Test is Skipped ---> MultipleLogin]]>
  </system-out>
  <testcase classname="Agent_Module.AgentMultipleLoginTest" name="MultipleLogin" time="0.000">
    <skipped/>
  </testcase> <!-- MultipleLogin -->
  <system-out>
    <![CDATA[Test is Skipped ---> MultipleLogin]]>
  </system-out>
  <testcase classname="Agent_Module.AgentMultipleLoginTest" name="MultipleLogin" time="0.000">
    <skipped/>
  </testcase> <!-- MultipleLogin -->
  <system-out>
    <![CDATA[Test is Skipped ---> MultipleLogin]]>
  </system-out>
  <testcase classname="Agent_Module.AgentMultipleLoginTest" name="MultipleLogin" time="0.000">
    <skipped/>
  </testcase> <!-- MultipleLogin -->
  <system-out>
    <![CDATA[Test is Skipped ---> MultipleLogin]]>
  </system-out>
  <testcase classname="Agent_Module.AgentMultipleLoginTest" name="MultipleLogin" time="0.000">
    <skipped/>
  </testcase> <!-- MultipleLogin -->
  <system-out>
    <![CDATA[Test is Skipped ---> MultipleLogin]]>
  </system-out>
  <testcase classname="Agent_Module.AgentMultipleLoginTest" name="MultipleLogin" time="0.000">
    <skipped/>
  </testcase> <!-- MultipleLogin -->
  <system-out>
    <![CDATA[Test is Skipped ---> MultipleLogin]]>
  </system-out>
  <testcase classname="Agent_Module.AgentMultipleLoginTest" name="MultipleLogin" time="0.000">
    <skipped/>
  </testcase> <!-- MultipleLogin -->
  <system-out>
    <![CDATA[Test is Skipped ---> MultipleLogin]]>
  </system-out>
  <testcase classname="Agent_Module.AgentMultipleLoginTest" name="MultipleLogin" time="0.000">
    <skipped/>
  </testcase> <!-- MultipleLogin -->
  <system-out>
    <![CDATA[Test is Skipped ---> MultipleLogin]]>
  </system-out>
  <testcase classname="Agent_Module.AgentMultipleLoginTest" name="MultipleLogin" time="0.000">
    <skipped/>
  </testcase> <!-- MultipleLogin -->
  <system-out>
    <![CDATA[Test is Skipped ---> MultipleLogin]]>
  </system-out>
  <testcase classname="Agent_Module.AgentMultipleLoginTest" name="MultipleLogin" time="0.000">
    <skipped/>
  </testcase> <!-- MultipleLogin -->
  <system-out>
    <![CDATA[Test is Skipped ---> MultipleLogin]]>
  </system-out>
  <testcase classname="Agent_Module.AgentMultipleLoginTest" name="MultipleLogin" time="0.000">
    <skipped/>
  </testcase> <!-- MultipleLogin -->
  <system-out>
    <![CDATA[Test is Skipped ---> MultipleLogin]]>
  </system-out>
  <testcase classname="Agent_Module.AgentMultipleLoginTest" name="MultipleLogin" time="0.000">
    <skipped/>
  </testcase> <!-- MultipleLogin -->
  <system-out>
    <![CDATA[Test is Skipped ---> MultipleLogin]]>
  </system-out>
  <testcase classname="Agent_Module.AgentMultipleLoginTest" name="MultipleLogin" time="0.000">
    <skipped/>
  </testcase> <!-- MultipleLogin -->
  <system-out>
    <![CDATA[Test is Skipped ---> MultipleLogin]]>
  </system-out>
  <testcase classname="Agent_Module.AgentMultipleLoginTest" name="MultipleLogin" time="0.000">
    <skipped/>
  </testcase> <!-- MultipleLogin -->
  <system-out>
    <![CDATA[Test is Skipped ---> MultipleLogin]]>
  </system-out>
  <testcase classname="Agent_Module.AgentMultipleLoginTest" name="MultipleLogin" time="0.000">
    <skipped/>
  </testcase> <!-- MultipleLogin -->
  <system-out>
    <![CDATA[Test is Skipped ---> MultipleLogin]]>
  </system-out>
  <testcase classname="Agent_Module.AgentMultipleLoginTest" name="MultipleLogin" time="0.000">
    <skipped/>
  </testcase> <!-- MultipleLogin -->
  <system-out>
    <![CDATA[Test is Skipped ---> MultipleLogin]]>
  </system-out>
  <testcase classname="Agent_Module.AgentMultipleLoginTest" name="MultipleLogin" time="0.000">
    <skipped/>
  </testcase> <!-- MultipleLogin -->
  <system-out>
    <![CDATA[Test is Skipped ---> MultipleLogin]]>
  </system-out>
  <testcase classname="Agent_Module.AgentMultipleLoginTest" name="MultipleLogin" time="0.000">
    <skipped/>
  </testcase> <!-- MultipleLogin -->
  <system-out>
    <![CDATA[Test is Skipped ---> MultipleLogin]]>
  </system-out>
  <testcase classname="Agent_Module.AgentMultipleLoginTest" name="MultipleLogin" time="0.000">
    <skipped/>
  </testcase> <!-- MultipleLogin -->
  <system-out>
    <![CDATA[Test is Skipped ---> MultipleLogin]]>
  </system-out>
  <testcase classname="Agent_Module.AgentMultipleLoginTest" name="MultipleLogin" time="0.000">
    <skipped/>
  </testcase> <!-- MultipleLogin -->
  <system-out>
    <![CDATA[Test is Skipped ---> MultipleLogin]]>
  </system-out>
  <testcase classname="Agent_Module.AgentMultipleLoginTest" name="MultipleLogin" time="0.000">
    <skipped/>
  </testcase> <!-- MultipleLogin -->
  <system-out>
    <![CDATA[Test is Skipped ---> MultipleLogin]]>
  </system-out>
  <testcase classname="Agent_Module.AgentMultipleLoginTest" name="MultipleLogin" time="0.000">
    <skipped/>
  </testcase> <!-- MultipleLogin -->
  <system-out>
    <![CDATA[Test is Skipped ---> MultipleLogin]]>
  </system-out>
  <testcase classname="Agent_Module.AgentMultipleLoginTest" name="MultipleLogin" time="0.000">
    <skipped/>
  </testcase> <!-- MultipleLogin -->
  <system-out>
    <![CDATA[Test is Skipped ---> MultipleLogin]]>
  </system-out>
  <testcase classname="Agent_Module.AgentMultipleLoginTest" name="MultipleLogin" time="0.000">
    <skipped/>
  </testcase> <!-- MultipleLogin -->
  <system-out>
    <![CDATA[Test is Skipped ---> MultipleLogin]]>
  </system-out>
  <testcase classname="Agent_Module.AgentMultipleLoginTest" name="MultipleLogin" time="0.000">
    <skipped/>
  </testcase> <!-- MultipleLogin -->
  <system-out>
    <![CDATA[Test is Skipped ---> MultipleLogin]]>
  </system-out>
  <testcase classname="Agent_Module.AgentMultipleLoginTest" name="MultipleLogin" time="0.000">
    <skipped/>
  </testcase> <!-- MultipleLogin -->
  <system-out>
    <![CDATA[Test is Skipped ---> MultipleLogin]]>
  </system-out>
  <testcase classname="Agent_Module.AgentMultipleLoginTest" name="MultipleLogin" time="0.000">
    <skipped/>
  </testcase> <!-- MultipleLogin -->
  <system-out>
    <![CDATA[Test is Skipped ---> MultipleLogin]]>
  </system-out>
  <testcase classname="Agent_Module.AgentMultipleLoginTest" name="MultipleLogin" time="0.000">
    <skipped/>
  </testcase> <!-- MultipleLogin -->
  <system-out>
    <![CDATA[Test is Skipped ---> MultipleLogin]]>
  </system-out>
  <testcase classname="Agent_Module.AgentMultipleLoginTest" name="MultipleLogin" time="0.000">
    <skipped/>
  </testcase> <!-- MultipleLogin -->
  <system-out>
    <![CDATA[Test is Skipped ---> MultipleLogin]]>
  </system-out>
  <testcase classname="Agent_Module.AgentMultipleLoginTest" name="MultipleLogin" time="0.000">
    <skipped/>
  </testcase> <!-- MultipleLogin -->
  <system-out>
    <![CDATA[Test is Skipped ---> MultipleLogin]]>
  </system-out>
  <testcase classname="Agent_Module.AgentMultipleLoginTest" name="MultipleLogin" time="0.000">
    <skipped/>
  </testcase> <!-- MultipleLogin -->
  <system-out>
    <![CDATA[Test is Skipped ---> MultipleLogin]]>
  </system-out>
  <testcase classname="Agent_Module.AgentMultipleLoginTest" name="MultipleLogin" time="0.000">
    <skipped/>
  </testcase> <!-- MultipleLogin -->
  <system-out>
    <![CDATA[Test is Skipped ---> MultipleLogin]]>
  </system-out>
  <testcase classname="Agent_Module.AgentMultipleLoginTest" name="MultipleLogin" time="0.000">
    <skipped/>
  </testcase> <!-- MultipleLogin -->
  <system-out>
    <![CDATA[Test is Skipped ---> MultipleLogin]]>
  </system-out>
  <testcase classname="Agent_Module.AgentMultipleLoginTest" name="MultipleLogin" time="0.000">
    <skipped/>
  </testcase> <!-- MultipleLogin -->
  <system-out>
    <![CDATA[Test is Skipped ---> MultipleLogin]]>
  </system-out>
  <testcase classname="Agent_Module.AgentMultipleLoginTest" name="MultipleLogin" time="0.000">
    <skipped/>
  </testcase> <!-- MultipleLogin -->
  <system-out>
    <![CDATA[Test is Skipped ---> MultipleLogin]]>
  </system-out>
  <testcase classname="Agent_Module.AgentMultipleLoginTest" name="MultipleLogin" time="0.000">
    <skipped/>
  </testcase> <!-- MultipleLogin -->
  <system-out>
    <![CDATA[Test is Skipped ---> MultipleLogin]]>
  </system-out>
  <testcase classname="Agent_Module.AgentMultipleLoginTest" name="MultipleLogin" time="0.000">
    <skipped/>
  </testcase> <!-- MultipleLogin -->
  <system-out>
    <![CDATA[Test is Skipped ---> MultipleLogin]]>
  </system-out>
  <testcase classname="Agent_Module.AgentMultipleLoginTest" name="MultipleLogin" time="0.000">
    <skipped/>
  </testcase> <!-- MultipleLogin -->
  <system-out>
    <![CDATA[Test is Skipped ---> MultipleLogin]]>
  </system-out>
  <testcase classname="Agent_Module.AgentMultipleLoginTest" name="MultipleLogin" time="0.000">
    <skipped/>
  </testcase> <!-- MultipleLogin -->
  <system-out>
    <![CDATA[Test is Skipped ---> MultipleLogin]]>
  </system-out>
  <testcase classname="Agent_Module.AgentMultipleLoginTest" name="MultipleLogin" time="0.000">
    <skipped/>
  </testcase> <!-- MultipleLogin -->
  <system-out>
    <![CDATA[Test is Skipped ---> MultipleLogin]]>
  </system-out>
  <testcase classname="Agent_Module.AgentMultipleLoginTest" name="MultipleLogin" time="0.000">
    <skipped/>
  </testcase> <!-- MultipleLogin -->
  <system-out>
    <![CDATA[Test is Skipped ---> MultipleLogin]]>
  </system-out>
  <testcase classname="Agent_Module.AgentMultipleLoginTest" name="MultipleLogin" time="0.000">
    <skipped/>
  </testcase> <!-- MultipleLogin -->
  <system-out>
    <![CDATA[Test is Skipped ---> MultipleLogin]]>
  </system-out>
  <testcase classname="Agent_Module.AgentMultipleLoginTest" name="MultipleLogin" time="0.000">
    <skipped/>
  </testcase> <!-- MultipleLogin -->
  <system-out>
    <![CDATA[Test is Skipped ---> MultipleLogin]]>
  </system-out>
  <testcase classname="Agent_Module.AgentMultipleLoginTest" name="MultipleLogin" time="0.000">
    <skipped/>
  </testcase> <!-- MultipleLogin -->
  <system-out>
    <![CDATA[Test is Skipped ---> MultipleLogin]]>
  </system-out>
  <testcase classname="Agent_Module.AgentMultipleLoginTest" name="MultipleLogin" time="0.000">
    <skipped/>
  </testcase> <!-- MultipleLogin -->
  <system-out>
    <![CDATA[Test is Skipped ---> MultipleLogin]]>
  </system-out>
  <testcase classname="Agent_Module.AgentMultipleLoginTest" name="MultipleLogin" time="0.000">
    <skipped/>
  </testcase> <!-- MultipleLogin -->
  <system-out>
    <![CDATA[Test is Skipped ---> MultipleLogin]]>
  </system-out>
  <testcase classname="Agent_Module.AgentMultipleLoginTest" name="MultipleLogin" time="0.000">
    <skipped/>
  </testcase> <!-- MultipleLogin -->
  <system-out>
    <![CDATA[Test is Skipped ---> MultipleLogin]]>
  </system-out>
  <testcase classname="Agent_Module.AgentMultipleLoginTest" name="MultipleLogin" time="0.000">
    <skipped/>
  </testcase> <!-- MultipleLogin -->
  <system-out>
    <![CDATA[Test is Skipped ---> MultipleLogin]]>
  </system-out>
  <testcase classname="Agent_Module.AgentMultipleLoginTest" name="MultipleLogin" time="0.000">
    <skipped/>
  </testcase> <!-- MultipleLogin -->
  <system-out>
    <![CDATA[Test is Skipped ---> MultipleLogin]]>
  </system-out>
  <testcase classname="Agent_Module.AgentMultipleLoginTest" name="MultipleLogin" time="0.000">
    <skipped/>
  </testcase> <!-- MultipleLogin -->
  <system-out>
    <![CDATA[Test is Skipped ---> MultipleLogin]]>
  </system-out>
  <testcase classname="Agent_Module.AgentMultipleLoginTest" name="MultipleLogin" time="0.000">
    <skipped/>
  </testcase> <!-- MultipleLogin -->
  <system-out>
    <![CDATA[Test is Skipped ---> MultipleLogin]]>
  </system-out>
  <testcase classname="Agent_Module.AgentMultipleLoginTest" name="MultipleLogin" time="0.000">
    <skipped/>
  </testcase> <!-- MultipleLogin -->
  <system-out>
    <![CDATA[Test is Skipped ---> MultipleLogin]]>
  </system-out>
  <testcase classname="Agent_Module.AgentMultipleLoginTest" name="MultipleLogin" time="0.000">
    <skipped/>
  </testcase> <!-- MultipleLogin -->
  <system-out>
    <![CDATA[Test is Skipped ---> MultipleLogin]]>
  </system-out>
  <testcase classname="Agent_Module.AgentMultipleLoginTest" name="MultipleLogin" time="0.000">
    <skipped/>
  </testcase> <!-- MultipleLogin -->
  <system-out>
    <![CDATA[Test is Skipped ---> MultipleLogin]]>
  </system-out>
  <testcase classname="Agent_Module.AgentMultipleLoginTest" name="MultipleLogin" time="0.000">
    <skipped/>
  </testcase> <!-- MultipleLogin -->
  <system-out>
    <![CDATA[Test is Skipped ---> MultipleLogin]]>
  </system-out>
  <testcase classname="Agent_Module.AgentMultipleLoginTest" name="MultipleLogin" time="0.000">
    <skipped/>
  </testcase> <!-- MultipleLogin -->
  <system-out>
    <![CDATA[Test is Skipped ---> MultipleLogin]]>
  </system-out>
  <testcase classname="Agent_Module.AgentMultipleLoginTest" name="MultipleLogin" time="0.000">
    <skipped/>
  </testcase> <!-- MultipleLogin -->
  <system-out>
    <![CDATA[Test is Skipped ---> MultipleLogin]]>
  </system-out>
  <testcase classname="Agent_Module.AgentMultipleLoginTest" name="MultipleLogin" time="0.000">
    <skipped/>
  </testcase> <!-- MultipleLogin -->
  <system-out>
    <![CDATA[Test is Skipped ---> MultipleLogin]]>
  </system-out>
  <testcase classname="Agent_Module.AgentMultipleLoginTest" name="MultipleLogin" time="0.000">
    <skipped/>
  </testcase> <!-- MultipleLogin -->
  <system-out>
    <![CDATA[Test is Skipped ---> MultipleLogin]]>
  </system-out>
  <testcase classname="Agent_Module.AgentMultipleLoginTest" name="MultipleLogin" time="0.000">
    <skipped/>
  </testcase> <!-- MultipleLogin -->
  <system-out>
    <![CDATA[Test is Skipped ---> MultipleLogin]]>
  </system-out>
  <testcase classname="Agent_Module.AgentMultipleLoginTest" name="MultipleLogin" time="0.000">
    <skipped/>
  </testcase> <!-- MultipleLogin -->
  <system-out>
    <![CDATA[Test is Skipped ---> MultipleLogin]]>
  </system-out>
  <testcase classname="Agent_Module.AgentMultipleLoginTest" name="MultipleLogin" time="0.000">
    <skipped/>
  </testcase> <!-- MultipleLogin -->
  <system-out>
    <![CDATA[Test is Skipped ---> MultipleLogin]]>
  </system-out>
  <testcase classname="Agent_Module.AgentMultipleLoginTest" name="MultipleLogin" time="0.000">
    <skipped/>
  </testcase> <!-- MultipleLogin -->
  <system-out>
    <![CDATA[Test is Skipped ---> MultipleLogin]]>
  </system-out>
  <testcase classname="Agent_Module.AgentMultipleLoginTest" name="MultipleLogin" time="0.000">
    <skipped/>
  </testcase> <!-- MultipleLogin -->
  <system-out>
    <![CDATA[Test is Skipped ---> MultipleLogin]]>
  </system-out>
  <testcase classname="Agent_Module.AgentMultipleLoginTest" name="MultipleLogin" time="0.000">
    <skipped/>
  </testcase> <!-- MultipleLogin -->
  <system-out>
    <![CDATA[Test is Skipped ---> MultipleLogin]]>
  </system-out>
  <testcase classname="Agent_Module.AgentMultipleLoginTest" name="MultipleLogin" time="0.000">
    <skipped/>
  </testcase> <!-- MultipleLogin -->
  <system-out>
    <![CDATA[Test is Skipped ---> MultipleLogin]]>
  </system-out>
  <testcase classname="Agent_Module.AgentMultipleLoginTest" name="MultipleLogin" time="0.000">
    <skipped/>
  </testcase> <!-- MultipleLogin -->
  <system-out>
    <![CDATA[Test is Skipped ---> MultipleLogin]]>
  </system-out>
  <testcase classname="Agent_Module.AgentMultipleLoginTest" name="MultipleLogin" time="0.000">
    <skipped/>
  </testcase> <!-- MultipleLogin -->
  <system-out>
    <![CDATA[Test is Skipped ---> MultipleLogin]]>
  </system-out>
  <testcase classname="Agent_Module.AgentMultipleLoginTest" name="MultipleLogin" time="0.000">
    <skipped/>
  </testcase> <!-- MultipleLogin -->
  <system-out>
    <![CDATA[Test is Skipped ---> MultipleLogin]]>
  </system-out>
  <testcase classname="Agent_Module.AgentMultipleLoginTest" name="MultipleLogin" time="0.000">
    <skipped/>
  </testcase> <!-- MultipleLogin -->
  <system-out>
    <![CDATA[Test is Skipped ---> MultipleLogin]]>
  </system-out>
  <testcase classname="Agent_Module.AgentMultipleLoginTest" name="MultipleLogin" time="0.000">
    <skipped/>
  </testcase> <!-- MultipleLogin -->
  <system-out>
    <![CDATA[Test is Skipped ---> MultipleLogin]]>
  </system-out>
  <testcase classname="Agent_Module.AgentMultipleLoginTest" name="MultipleLogin" time="0.000">
    <skipped/>
  </testcase> <!-- MultipleLogin -->
  <system-out>
    <![CDATA[Test is Skipped ---> MultipleLogin]]>
  </system-out>
  <testcase classname="Agent_Module.AgentMultipleLoginTest" name="MultipleLogin" time="0.000">
    <skipped/>
  </testcase> <!-- MultipleLogin -->
  <system-out>
    <![CDATA[Test is Skipped ---> MultipleLogin]]>
  </system-out>
  <testcase classname="Agent_Module.AgentMultipleLoginTest" name="MultipleLogin" time="0.000">
    <skipped/>
  </testcase> <!-- MultipleLogin -->
  <system-out>
    <![CDATA[Test is Skipped ---> MultipleLogin]]>
  </system-out>
  <testcase classname="Agent_Module.AgentMultipleLoginTest" name="MultipleLogin" time="0.000">
    <skipped/>
  </testcase> <!-- MultipleLogin -->
  <system-out>
    <![CDATA[Test is Skipped ---> MultipleLogin]]>
  </system-out>
  <testcase classname="Agent_Module.AgentMultipleLoginTest" name="MultipleLogin" time="0.000">
    <skipped/>
  </testcase> <!-- MultipleLogin -->
  <system-out>
    <![CDATA[Test is Skipped ---> MultipleLogin]]>
  </system-out>
  <testcase classname="Agent_Module.AgentMultipleLoginTest" name="MultipleLogin" time="0.000">
    <skipped/>
  </testcase> <!-- MultipleLogin -->
  <system-out>
    <![CDATA[Test is Skipped ---> MultipleLogin]]>
  </system-out>
  <testcase classname="Agent_Module.AgentMultipleLoginTest" name="MultipleLogin" time="0.000">
    <skipped/>
  </testcase> <!-- MultipleLogin -->
  <system-out>
    <![CDATA[Test is Skipped ---> MultipleLogin]]>
  </system-out>
  <testcase classname="Agent_Module.AgentMultipleLoginTest" name="amConfigration" time="40.187">
    <error message="No frame element found by name or id agentframe
Build info: version: &#039;4.4.0&#039;, revision: &#039;e5c75ed026a&#039;
System info: host: &#039;DESKTOP-GE7D7VL&#039;, ip: &#039;172.16.13.71&#039;, os.name: &#039;Windows 10&#039;, os.arch: &#039;amd64&#039;, os.version: &#039;10.0&#039;, java.version: &#039;18.0.2.1&#039;
Driver info: driver.version: unknown" type="org.openqa.selenium.NoSuchFrameException">
      <![CDATA[org.openqa.selenium.NoSuchFrameException: No frame element found by name or id agentframe
Build info: version: '4.4.0', revision: 'e5c75ed026a'
System info: host: 'DESKTOP-GE7D7VL', ip: '172.16.13.71', os.name: 'Windows 10', os.arch: 'amd64', os.version: '10.0', java.version: '18.0.2.1'
Driver info: driver.version: unknown
at org.openqa.selenium.remote.RemoteWebDriver$RemoteTargetLocator.frame(RemoteWebDriver.java:1063)
at Convox.GenericLibraries.WebDriverLibrary.switchToFrame(WebDriverLibrary.java:221)
at Convox.ObjectRepository.AgentModule.AgentHomePage.LogoutFromAgentModule(AgentHomePage.java:434)
at Convox.GenericLibraries.BaseClass.amConfigration(BaseClass.java:101)
at java.base/jdk.internal.reflect.DirectMethodHandleAccessor.invoke(DirectMethodHandleAccessor.java:104)
at java.base/java.lang.reflect.Method.invoke(Method.java:577)
at org.testng.internal.MethodInvocationHelper.invokeMethod(MethodInvocationHelper.java:133)
at org.testng.internal.MethodInvocationHelper.invokeMethodConsideringTimeout(MethodInvocationHelper.java:62)
at org.testng.internal.ConfigInvoker.invokeConfigurationMethod(ConfigInvoker.java:385)
at org.testng.internal.ConfigInvoker.invokeConfigurations(ConfigInvoker.java:321)
at org.testng.internal.TestInvoker.runConfigMethods(TestInvoker.java:700)
at org.testng.internal.TestInvoker.runAfterGroupsConfigurations(TestInvoker.java:676)
at org.testng.internal.TestInvoker.invokeMethod(TestInvoker.java:660)
at org.testng.internal.TestInvoker.invokeTestMethod(TestInvoker.java:173)
at org.testng.internal.MethodRunner.runInSequence(MethodRunner.java:46)
at org.testng.internal.TestInvoker$MethodInvocationAgent.invoke(TestInvoker.java:824)
at org.testng.internal.TestInvoker.invokeTestMethods(TestInvoker.java:146)
at org.testng.internal.TestMethodWorker.invokeTestMethods(TestMethodWorker.java:146)
at org.testng.internal.TestMethodWorker.run(TestMethodWorker.java:128)
at java.base/java.util.ArrayList.forEach(ArrayList.java:1511)
at org.testng.TestRunner.privateRun(TestRunner.java:794)
at org.testng.TestRunner.run(TestRunner.java:596)
at org.testng.SuiteRunner.runTest(SuiteRunner.java:377)
at org.testng.SuiteRunner.runSequentially(SuiteRunner.java:371)
at org.testng.SuiteRunner.privateRun(SuiteRunner.java:332)
at org.testng.SuiteRunner.run(SuiteRunner.java:276)
at org.testng.SuiteRunnerWorker.runSuite(SuiteRunnerWorker.java:53)
at org.testng.SuiteRunnerWorker.run(SuiteRunnerWorker.java:96)
at org.testng.TestNG.runSuitesSequentially(TestNG.java:1212)
at org.testng.TestNG.runSuitesLocally(TestNG.java:1134)
at org.testng.TestNG.runSuites(TestNG.java:1063)
at org.testng.TestNG.run(TestNG.java:1031)
at org.testng.remote.AbstractRemoteTestNG.run(AbstractRemoteTestNG.java:115)
at org.testng.remote.RemoteTestNG.initAndRun(RemoteTestNG.java:251)
at org.testng.remote.RemoteTestNG.main(RemoteTestNG.java:77)
]]>
    </error>
  </testcase> <!-- amConfigration -->
  <system-out/>
  <testcase classname="Agent_Module.AgentMultipleLoginTest" name="MultipleLogin" time="0.000">
    <skipped/>
  </testcase> <!-- MultipleLogin -->
  <system-out>
    <![CDATA[Test is Skipped ---> MultipleLogin]]>
  </system-out>
  <testcase classname="Agent_Module.AgentMultipleLoginTest" name="MultipleLogin" time="0.000">
    <skipped/>
  </testcase> <!-- MultipleLogin -->
  <system-out>
    <![CDATA[Test is Skipped ---> MultipleLogin]]>
  </system-out>
  <testcase classname="Agent_Module.AgentMultipleLoginTest" name="MultipleLogin" time="0.000">
    <skipped/>
  </testcase> <!-- MultipleLogin -->
  <system-out>
    <![CDATA[Test is Skipped ---> MultipleLogin]]>
  </system-out>
  <testcase classname="Agent_Module.AgentMultipleLoginTest" name="MultipleLogin" time="0.000">
    <skipped/>
  </testcase> <!-- MultipleLogin -->
  <system-out>
    <![CDATA[Test is Skipped ---> MultipleLogin]]>
  </system-out>
  <testcase classname="Agent_Module.AgentMultipleLoginTest" name="MultipleLogin" time="0.000">
    <skipped/>
  </testcase> <!-- MultipleLogin -->
  <system-out>
    <![CDATA[Test is Skipped ---> MultipleLogin]]>
  </system-out>
  <testcase classname="Agent_Module.AgentMultipleLoginTest" name="MultipleLogin" time="0.000">
    <skipped/>
  </testcase> <!-- MultipleLogin -->
  <system-out>
    <![CDATA[Test is Skipped ---> MultipleLogin]]>
  </system-out>
  <testcase classname="Agent_Module.AgentMultipleLoginTest" name="MultipleLogin" time="0.000">
    <skipped/>
  </testcase> <!-- MultipleLogin -->
  <system-out>
    <![CDATA[Test is Skipped ---> MultipleLogin]]>
  </system-out>
  <testcase classname="Agent_Module.AgentMultipleLoginTest" name="MultipleLogin" time="0.000">
    <skipped/>
  </testcase> <!-- MultipleLogin -->
  <system-out>
    <![CDATA[Test is Skipped ---> MultipleLogin]]>
  </system-out>
  <testcase classname="Agent_Module.AgentMultipleLoginTest" name="MultipleLogin" time="0.000">
    <skipped/>
  </testcase> <!-- MultipleLogin -->
  <system-out>
    <![CDATA[Test is Skipped ---> MultipleLogin]]>
  </system-out>
  <testcase classname="Agent_Module.AgentMultipleLoginTest" name="MultipleLogin" time="0.000">
    <skipped/>
  </testcase> <!-- MultipleLogin -->
  <system-out>
    <![CDATA[Test is Skipped ---> MultipleLogin]]>
  </system-out>
  <testcase classname="Agent_Module.AgentMultipleLoginTest" name="MultipleLogin" time="0.000">
    <skipped/>
  </testcase> <!-- MultipleLogin -->
  <system-out>
    <![CDATA[Test is Skipped ---> MultipleLogin]]>
  </system-out>
  <testcase classname="Agent_Module.AgentMultipleLoginTest" name="MultipleLogin" time="0.001">
    <skipped/>
  </testcase> <!-- MultipleLogin -->
  <system-out>
    <![CDATA[Test is Skipped ---> MultipleLogin]]>
  </system-out>
  <testcase classname="Agent_Module.AgentMultipleLoginTest" name="MultipleLogin" time="0.000">
    <skipped/>
  </testcase> <!-- MultipleLogin -->
  <system-out>
    <![CDATA[Test is Skipped ---> MultipleLogin]]>
  </system-out>
  <testcase classname="Agent_Module.AgentMultipleLoginTest" name="MultipleLogin" time="0.000">
    <skipped/>
  </testcase> <!-- MultipleLogin -->
  <system-out>
    <![CDATA[Test is Skipped ---> MultipleLogin]]>
  </system-out>
  <testcase classname="Agent_Module.AgentMultipleLoginTest" name="MultipleLogin" time="0.000">
    <skipped/>
  </testcase> <!-- MultipleLogin -->
  <system-out>
    <![CDATA[Test is Skipped ---> MultipleLogin]]>
  </system-out>
  <testcase classname="Agent_Module.AgentMultipleLoginTest" name="MultipleLogin" time="0.000">
    <skipped/>
  </testcase> <!-- MultipleLogin -->
  <system-out>
    <![CDATA[Test is Skipped ---> MultipleLogin]]>
  </system-out>
  <testcase classname="Agent_Module.AgentMultipleLoginTest" name="MultipleLogin" time="63.701"/>
  <system-out>
    <![CDATA[Runnning Current Thread: 1
agent1 --- Logged Into Agent Module Succesfully --- 
Successfully Switched to Default Frame
Successfully Switched to Main Frame
Successfully Switched to CRM Frame
Primary Number Call Ended Succesfully
Data of primary Number Recorded Succesfully in CRM
CRM updated Succesfully
Clicked on Logout Button Succesfully
agent1 --- Logged Out from Agent Module Succesfully --- ]]>
  </system-out>
  <testcase classname="Agent_Module.AgentMultipleLoginTest" name="MultipleLogin" time="0.000">
    <skipped/>
  </testcase> <!-- MultipleLogin -->
  <system-out>
    <![CDATA[Test is Skipped ---> MultipleLogin]]>
  </system-out>
  <testcase classname="Agent_Module.AgentMultipleLoginTest" name="MultipleLogin" time="0.000">
    <skipped/>
  </testcase> <!-- MultipleLogin -->
  <system-out>
    <![CDATA[Test is Skipped ---> MultipleLogin]]>
  </system-out>
  <testcase classname="Agent_Module.AgentMultipleLoginTest" name="MultipleLogin" time="0.000">
    <skipped/>
  </testcase> <!-- MultipleLogin -->
  <system-out>
    <![CDATA[Test is Skipped ---> MultipleLogin]]>
  </system-out>
  <testcase classname="Agent_Module.AgentMultipleLoginTest" name="MultipleLogin" time="0.000">
    <skipped/>
  </testcase> <!-- MultipleLogin -->
  <system-out>
    <![CDATA[Test is Skipped ---> MultipleLogin]]>
  </system-out>
  <testcase classname="Agent_Module.AgentMultipleLoginTest" name="MultipleLogin" time="0.000">
    <skipped/>
  </testcase> <!-- MultipleLogin -->
  <system-out>
    <![CDATA[Test is Skipped ---> MultipleLogin]]>
  </system-out>
  <testcase classname="Agent_Module.AgentMultipleLoginTest" name="MultipleLogin" time="0.000">
    <skipped/>
  </testcase> <!-- MultipleLogin -->
  <system-out>
    <![CDATA[Test is Skipped ---> MultipleLogin]]>
  </system-out>
  <testcase classname="Agent_Module.AgentMultipleLoginTest" name="MultipleLogin" time="0.000">
    <skipped/>
  </testcase> <!-- MultipleLogin -->
  <system-out>
    <![CDATA[Test is Skipped ---> MultipleLogin]]>
  </system-out>
  <testcase classname="Agent_Module.AgentMultipleLoginTest" name="MultipleLogin" time="0.000">
    <skipped/>
  </testcase> <!-- MultipleLogin -->
  <system-out>
    <![CDATA[Test is Skipped ---> MultipleLogin]]>
  </system-out>
  <testcase classname="Agent_Module.AgentMultipleLoginTest" name="MultipleLogin" time="0.000">
    <skipped/>
  </testcase> <!-- MultipleLogin -->
  <system-out>
    <![CDATA[Test is Skipped ---> MultipleLogin]]>
  </system-out>
  <testcase classname="Agent_Module.AgentMultipleLoginTest" name="MultipleLogin" time="0.000">
    <skipped/>
  </testcase> <!-- MultipleLogin -->
  <system-out>
    <![CDATA[Test is Skipped ---> MultipleLogin]]>
  </system-out>
  <testcase classname="Agent_Module.AgentMultipleLoginTest" name="MultipleLogin" time="0.000">
    <skipped/>
  </testcase> <!-- MultipleLogin -->
  <system-out>
    <![CDATA[Test is Skipped ---> MultipleLogin]]>
  </system-out>
  <testcase classname="Agent_Module.AgentMultipleLoginTest" name="MultipleLogin" time="0.000">
    <skipped/>
  </testcase> <!-- MultipleLogin -->
  <system-out>
    <![CDATA[Test is Skipped ---> MultipleLogin]]>
  </system-out>
  <testcase classname="Agent_Module.AgentMultipleLoginTest" name="MultipleLogin" time="0.000">
    <skipped/>
  </testcase> <!-- MultipleLogin -->
  <system-out>
    <![CDATA[Test is Skipped ---> MultipleLogin]]>
  </system-out>
  <testcase classname="Agent_Module.AgentMultipleLoginTest" name="MultipleLogin" time="0.000">
    <skipped/>
  </testcase> <!-- MultipleLogin -->
  <system-out>
    <![CDATA[Test is Skipped ---> MultipleLogin]]>
  </system-out>
  <testcase classname="Agent_Module.AgentMultipleLoginTest" name="MultipleLogin" time="0.000">
    <skipped/>
  </testcase> <!-- MultipleLogin -->
  <system-out>
    <![CDATA[Test is Skipped ---> MultipleLogin]]>
  </system-out>
  <testcase classname="Agent_Module.AgentMultipleLoginTest" name="MultipleLogin" time="0.000">
    <skipped/>
  </testcase> <!-- MultipleLogin -->
  <system-out>
    <![CDATA[Test is Skipped ---> MultipleLogin]]>
  </system-out>
  <testcase classname="Agent_Module.AgentMultipleLoginTest" name="MultipleLogin" time="0.000">
    <skipped/>
  </testcase> <!-- MultipleLogin -->
  <system-out>
    <![CDATA[Test is Skipped ---> MultipleLogin]]>
  </system-out>
  <testcase classname="Agent_Module.AgentMultipleLoginTest" name="MultipleLogin" time="0.000">
    <skipped/>
  </testcase> <!-- MultipleLogin -->
  <system-out>
    <![CDATA[Test is Skipped ---> MultipleLogin]]>
  </system-out>
  <testcase classname="Agent_Module.AgentMultipleLoginTest" name="MultipleLogin" time="0.000">
    <skipped/>
  </testcase> <!-- MultipleLogin -->
  <system-out>
    <![CDATA[Test is Skipped ---> MultipleLogin]]>
  </system-out>
  <testcase classname="Agent_Module.AgentMultipleLoginTest" name="MultipleLogin" time="0.000">
    <skipped/>
  </testcase> <!-- MultipleLogin -->
  <system-out>
    <![CDATA[Test is Skipped ---> MultipleLogin]]>
  </system-out>
  <testcase classname="Agent_Module.AgentMultipleLoginTest" name="MultipleLogin" time="0.000">
    <skipped/>
  </testcase> <!-- MultipleLogin -->
  <system-out>
    <![CDATA[Test is Skipped ---> MultipleLogin]]>
  </system-out>
  <testcase classname="Agent_Module.AgentMultipleLoginTest" name="MultipleLogin" time="0.000">
    <skipped/>
  </testcase> <!-- MultipleLogin -->
  <system-out>
    <![CDATA[Test is Skipped ---> MultipleLogin]]>
  </system-out>
  <testcase classname="Agent_Module.AgentMultipleLoginTest" name="MultipleLogin" time="0.000">
    <skipped/>
  </testcase> <!-- MultipleLogin -->
  <system-out>
    <![CDATA[Test is Skipped ---> MultipleLogin]]>
  </system-out>
  <testcase classname="Agent_Module.AgentMultipleLoginTest" name="MultipleLogin" time="0.000">
    <skipped/>
  </testcase> <!-- MultipleLogin -->
  <system-out>
    <![CDATA[Test is Skipped ---> MultipleLogin]]>
  </system-out>
  <testcase classname="Agent_Module.AgentMultipleLoginTest" name="MultipleLogin" time="0.000">
    <skipped/>
  </testcase> <!-- MultipleLogin -->
  <system-out>
    <![CDATA[Test is Skipped ---> MultipleLogin]]>
  </system-out>
  <testcase classname="Agent_Module.AgentMultipleLoginTest" name="MultipleLogin" time="0.000">
    <skipped/>
  </testcase> <!-- MultipleLogin -->
  <system-out>
    <![CDATA[Test is Skipped ---> MultipleLogin]]>
  </system-out>
  <testcase classname="Agent_Module.AgentMultipleLoginTest" name="MultipleLogin" time="0.000">
    <skipped/>
  </testcase> <!-- MultipleLogin -->
  <system-out>
    <![CDATA[Test is Skipped ---> MultipleLogin]]>
  </system-out>
  <testcase classname="Agent_Module.AgentMultipleLoginTest" name="MultipleLogin" time="0.000">
    <skipped/>
  </testcase> <!-- MultipleLogin -->
  <system-out>
    <![CDATA[Test is Skipped ---> MultipleLogin]]>
  </system-out>
  <testcase classname="Agent_Module.AgentMultipleLoginTest" name="MultipleLogin" time="0.000">
    <skipped/>
  </testcase> <!-- MultipleLogin -->
  <system-out>
    <![CDATA[Test is Skipped ---> MultipleLogin]]>
  </system-out>
  <testcase classname="Agent_Module.AgentMultipleLoginTest" name="MultipleLogin" time="0.000">
    <skipped/>
  </testcase> <!-- MultipleLogin -->
  <system-out>
    <![CDATA[Test is Skipped ---> MultipleLogin]]>
  </system-out>
  <testcase classname="Agent_Module.AgentMultipleLoginTest" name="MultipleLogin" time="0.000">
    <skipped/>
  </testcase> <!-- MultipleLogin -->
  <system-out>
    <![CDATA[Test is Skipped ---> MultipleLogin]]>
  </system-out>
  <testcase classname="Agent_Module.AgentMultipleLoginTest" name="MultipleLogin" time="0.000">
    <skipped/>
  </testcase> <!-- MultipleLogin -->
  <system-out>
    <![CDATA[Test is Skipped ---> MultipleLogin]]>
  </system-out>
  <testcase classname="Agent_Module.AgentMultipleLoginTest" name="MultipleLogin" time="0.000">
    <skipped/>
  </testcase> <!-- MultipleLogin -->
  <system-out>
    <![CDATA[Test is Skipped ---> MultipleLogin]]>
  </system-out>
  <testcase classname="Agent_Module.AgentMultipleLoginTest" name="MultipleLogin" time="0.000">
    <skipped/>
  </testcase> <!-- MultipleLogin -->
  <system-out>
    <![CDATA[Test is Skipped ---> MultipleLogin]]>
  </system-out>
  <testcase classname="Agent_Module.AgentMultipleLoginTest" name="MultipleLogin" time="0.000">
    <skipped/>
  </testcase> <!-- MultipleLogin -->
  <system-out>
    <![CDATA[Test is Skipped ---> MultipleLogin]]>
  </system-out>
  <testcase classname="Agent_Module.AgentMultipleLoginTest" name="MultipleLogin" time="0.000">
    <skipped/>
  </testcase> <!-- MultipleLogin -->
  <system-out>
    <![CDATA[Test is Skipped ---> MultipleLogin]]>
  </system-out>
  <testcase classname="Agent_Module.AgentMultipleLoginTest" name="MultipleLogin" time="0.000">
    <skipped/>
  </testcase> <!-- MultipleLogin -->
  <system-out>
    <![CDATA[Test is Skipped ---> MultipleLogin]]>
  </system-out>
  <testcase classname="Agent_Module.AgentMultipleLoginTest" name="MultipleLogin" time="0.000">
    <skipped/>
  </testcase> <!-- MultipleLogin -->
  <system-out>
    <![CDATA[Test is Skipped ---> MultipleLogin]]>
  </system-out>
  <testcase classname="Agent_Module.AgentMultipleLoginTest" name="MultipleLogin" time="0.000">
    <skipped/>
  </testcase> <!-- MultipleLogin -->
  <system-out>
    <![CDATA[Test is Skipped ---> MultipleLogin]]>
  </system-out>
  <testcase classname="Agent_Module.AgentMultipleLoginTest" name="MultipleLogin" time="0.000">
    <skipped/>
  </testcase> <!-- MultipleLogin -->
  <system-out>
    <![CDATA[Test is Skipped ---> MultipleLogin]]>
  </system-out>
  <testcase classname="Agent_Module.AgentMultipleLoginTest" name="MultipleLogin" time="0.000">
    <skipped/>
  </testcase> <!-- MultipleLogin -->
  <system-out>
    <![CDATA[Test is Skipped ---> MultipleLogin]]>
  </system-out>
  <testcase classname="Agent_Module.AgentMultipleLoginTest" name="MultipleLogin" time="0.000">
    <skipped/>
  </testcase> <!-- MultipleLogin -->
  <system-out>
    <![CDATA[Test is Skipped ---> MultipleLogin]]>
  </system-out>
  <testcase classname="Agent_Module.AgentMultipleLoginTest" name="MultipleLogin" time="0.000">
    <skipped/>
  </testcase> <!-- MultipleLogin -->
  <system-out>
    <![CDATA[Test is Skipped ---> MultipleLogin]]>
  </system-out>
  <testcase classname="Agent_Module.AgentMultipleLoginTest" name="MultipleLogin" time="0.000">
    <skipped/>
  </testcase> <!-- MultipleLogin -->
  <system-out>
    <![CDATA[Test is Skipped ---> MultipleLogin]]>
  </system-out>
  <testcase classname="Agent_Module.AgentMultipleLoginTest" name="MultipleLogin" time="0.000">
    <skipped/>
  </testcase> <!-- MultipleLogin -->
  <system-out>
    <![CDATA[Test is Skipped ---> MultipleLogin]]>
  </system-out>
  <testcase classname="Agent_Module.AgentMultipleLoginTest" name="MultipleLogin" time="0.000">
    <skipped/>
  </testcase> <!-- MultipleLogin -->
  <system-out>
    <![CDATA[Test is Skipped ---> MultipleLogin]]>
  </system-out>
  <testcase classname="Agent_Module.AgentMultipleLoginTest" name="MultipleLogin" time="0.000">
    <skipped/>
  </testcase> <!-- MultipleLogin -->
  <system-out>
    <![CDATA[Test is Skipped ---> MultipleLogin]]>
  </system-out>
  <testcase classname="Agent_Module.AgentMultipleLoginTest" name="MultipleLogin" time="0.000">
    <skipped/>
  </testcase> <!-- MultipleLogin -->
  <system-out>
    <![CDATA[Test is Skipped ---> MultipleLogin]]>
  </system-out>
  <testcase classname="Agent_Module.AgentMultipleLoginTest" name="MultipleLogin" time="0.000">
    <skipped/>
  </testcase> <!-- MultipleLogin -->
  <system-out>
    <![CDATA[Test is Skipped ---> MultipleLogin]]>
  </system-out>
  <testcase classname="Agent_Module.AgentMultipleLoginTest" name="MultipleLogin" time="0.000">
    <skipped/>
  </testcase> <!-- MultipleLogin -->
  <system-out>
    <![CDATA[Test is Skipped ---> MultipleLogin]]>
  </system-out>
  <testcase classname="Agent_Module.AgentMultipleLoginTest" name="MultipleLogin" time="0.000">
    <skipped/>
  </testcase> <!-- MultipleLogin -->
  <system-out>
    <![CDATA[Test is Skipped ---> MultipleLogin]]>
  </system-out>
  <testcase classname="Agent_Module.AgentMultipleLoginTest" name="MultipleLogin" time="0.000">
    <skipped/>
  </testcase> <!-- MultipleLogin -->
  <system-out>
    <![CDATA[Test is Skipped ---> MultipleLogin]]>
  </system-out>
  <testcase classname="Agent_Module.AgentMultipleLoginTest" name="MultipleLogin" time="0.000">
    <skipped/>
  </testcase> <!-- MultipleLogin -->
  <system-out>
    <![CDATA[Test is Skipped ---> MultipleLogin]]>
  </system-out>
  <testcase classname="Agent_Module.AgentMultipleLoginTest" name="MultipleLogin" time="0.000">
    <skipped/>
  </testcase> <!-- MultipleLogin -->
  <system-out>
    <![CDATA[Test is Skipped ---> MultipleLogin]]>
  </system-out>
  <testcase classname="Agent_Module.AgentMultipleLoginTest" name="MultipleLogin" time="0.000">
    <skipped/>
  </testcase> <!-- MultipleLogin -->
  <system-out>
    <![CDATA[Test is Skipped ---> MultipleLogin]]>
  </system-out>
  <testcase classname="Agent_Module.AgentMultipleLoginTest" name="MultipleLogin" time="0.000">
    <skipped/>
  </testcase> <!-- MultipleLogin -->
  <system-out>
    <![CDATA[Test is Skipped ---> MultipleLogin]]>
  </system-out>
  <testcase classname="Agent_Module.AgentMultipleLoginTest" name="MultipleLogin" time="0.000">
    <skipped/>
  </testcase> <!-- MultipleLogin -->
  <system-out>
    <![CDATA[Test is Skipped ---> MultipleLogin]]>
  </system-out>
  <testcase classname="Agent_Module.AgentMultipleLoginTest" name="MultipleLogin" time="0.000">
    <skipped/>
  </testcase> <!-- MultipleLogin -->
  <system-out>
    <![CDATA[Test is Skipped ---> MultipleLogin]]>
  </system-out>
  <testcase classname="Agent_Module.AgentMultipleLoginTest" name="MultipleLogin" time="0.000">
    <skipped/>
  </testcase> <!-- MultipleLogin -->
  <system-out>
    <![CDATA[Test is Skipped ---> MultipleLogin]]>
  </system-out>
  <testcase classname="Agent_Module.AgentMultipleLoginTest" name="MultipleLogin" time="0.000">
    <skipped/>
  </testcase> <!-- MultipleLogin -->
  <system-out>
    <![CDATA[Test is Skipped ---> MultipleLogin]]>
  </system-out>
  <testcase classname="Agent_Module.AgentMultipleLoginTest" name="MultipleLogin" time="0.000">
    <skipped/>
  </testcase> <!-- MultipleLogin -->
  <system-out>
    <![CDATA[Test is Skipped ---> MultipleLogin]]>
  </system-out>
  <testcase classname="Agent_Module.AgentMultipleLoginTest" name="MultipleLogin" time="0.000">
    <skipped/>
  </testcase> <!-- MultipleLogin -->
  <system-out>
    <![CDATA[Test is Skipped ---> MultipleLogin]]>
  </system-out>
  <testcase classname="Agent_Module.AgentMultipleLoginTest" name="MultipleLogin" time="0.000">
    <skipped/>
  </testcase> <!-- MultipleLogin -->
  <system-out>
    <![CDATA[Test is Skipped ---> MultipleLogin]]>
  </system-out>
  <testcase classname="Agent_Module.AgentMultipleLoginTest" name="MultipleLogin" time="0.000">
    <skipped/>
  </testcase> <!-- MultipleLogin -->
  <system-out>
    <![CDATA[Test is Skipped ---> MultipleLogin]]>
  </system-out>
  <testcase classname="Agent_Module.AgentMultipleLoginTest" name="MultipleLogin" time="0.000">
    <skipped/>
  </testcase> <!-- MultipleLogin -->
  <system-out>
    <![CDATA[Test is Skipped ---> MultipleLogin]]>
  </system-out>
  <testcase classname="Agent_Module.AgentMultipleLoginTest" name="MultipleLogin" time="0.001">
    <skipped/>
  </testcase> <!-- MultipleLogin -->
  <system-out>
    <![CDATA[Test is Skipped ---> MultipleLogin]]>
  </system-out>
  <testcase classname="Agent_Module.AgentMultipleLoginTest" name="MultipleLogin" time="0.000">
    <skipped/>
  </testcase> <!-- MultipleLogin -->
  <system-out>
    <![CDATA[Test is Skipped ---> MultipleLogin]]>
  </system-out>
  <testcase classname="Agent_Module.AgentMultipleLoginTest" name="MultipleLogin" time="0.000">
    <skipped/>
  </testcase> <!-- MultipleLogin -->
  <system-out>
    <![CDATA[Test is Skipped ---> MultipleLogin]]>
  </system-out>
  <testcase classname="Agent_Module.AgentMultipleLoginTest" name="MultipleLogin" time="0.000">
    <skipped/>
  </testcase> <!-- MultipleLogin -->
  <system-out>
    <![CDATA[Test is Skipped ---> MultipleLogin]]>
  </system-out>
  <testcase classname="Agent_Module.AgentMultipleLoginTest" name="MultipleLogin" time="0.000">
    <skipped/>
  </testcase> <!-- MultipleLogin -->
  <system-out>
    <![CDATA[Test is Skipped ---> MultipleLogin]]>
  </system-out>
  <testcase classname="Agent_Module.AgentMultipleLoginTest" name="MultipleLogin" time="0.000">
    <skipped/>
  </testcase> <!-- MultipleLogin -->
  <system-out>
    <![CDATA[Test is Skipped ---> MultipleLogin]]>
  </system-out>
  <testcase classname="Agent_Module.AgentMultipleLoginTest" name="MultipleLogin" time="0.000">
    <skipped/>
  </testcase> <!-- MultipleLogin -->
  <system-out>
    <![CDATA[Test is Skipped ---> MultipleLogin]]>
  </system-out>
  <testcase classname="Agent_Module.AgentMultipleLoginTest" name="MultipleLogin" time="0.000">
    <skipped/>
  </testcase> <!-- MultipleLogin -->
  <system-out>
    <![CDATA[Test is Skipped ---> MultipleLogin]]>
  </system-out>
  <testcase classname="Agent_Module.AgentMultipleLoginTest" name="MultipleLogin" time="0.000">
    <skipped/>
  </testcase> <!-- MultipleLogin -->
  <system-out>
    <![CDATA[Test is Skipped ---> MultipleLogin]]>
  </system-out>
  <testcase classname="Agent_Module.AgentMultipleLoginTest" name="MultipleLogin" time="0.000">
    <skipped/>
  </testcase> <!-- MultipleLogin -->
  <system-out>
    <![CDATA[Test is Skipped ---> MultipleLogin]]>
  </system-out>
</testsuite> <!-- Agent_Module.AgentMultipleLoginTest -->
