<?xml version="1.0" encoding="UTF-8"?>
<!-- Generated by org.testng.reporters.JUnitReportReporter -->
<testsuite hostname="DESKTOP-02956BS" failures="0" tests="9" name="Agent_Module.PracticeParllelTest" time="0.241" errors="0" timestamp="2023-05-19T20:14:42 IST" skipped="0">
  <testcase classname="Agent_Module.PracticeParllelTest" name="Test1" time="0.045"/>
  <system-out/>
  <testcase classname="Agent_Module.PracticeParllelTest" name="Test3" time="0.046"/>
  <system-out/>
  <testcase classname="Agent_Module.PracticeParllelTest" name="Test2" time="0.003"/>
  <system-out/>
  <testcase classname="Agent_Module.PracticeParllelTest" name="Test3" time="0.009"/>
  <system-out/>
  <testcase classname="Agent_Module.PracticeParllelTest" name="Test2" time="0.050"/>
  <system-out/>
  <testcase classname="Agent_Module.PracticeParllelTest" name="Test1" time="0.012"/>
  <system-out/>
  <testcase classname="Agent_Module.PracticeParllelTest" name="Test3" time="0.045"/>
  <system-out/>
  <testcase classname="Agent_Module.PracticeParllelTest" name="Test1" time="0.003"/>
  <system-out/>
  <testcase classname="Agent_Module.PracticeParllelTest" name="Test2" time="0.028"/>
  <system-out/>
</testsuite> <!-- Agent_Module.PracticeParllelTest -->
